<?xml version="1.0" encoding="UTF-8"?>
<testsuite xmlns:xsi="http://www.w3.org/2001/XMLSchema-instance" xsi:noNamespaceSchemaLocation="https://maven.apache.org/surefire/maven-surefire-plugin/xsd/surefire-test-report-3.0.xsd" version="3.0" name="runner.TestRunner" time="73.625" tests="9" errors="0" skipped="0" failures="0">
  <properties>
[...]
</properties>
  <testcase name="el usuario consumidor final está logueado y en la page home" classname="Carga de nuevo envío individual" time="9.863">
    <system-out><![CDATA[
@E2E
Scenario: Carga de nuevo envío individual                           # src/main/resources/features/NuevoEnvioIndividual.feature:4
11:38:46.106 [main] DEBUG io.github.bonigarcia.wdm.WebDriverManager -- Using WebDriverManager 5.6.3
11:38:46.461 [main] DEBUG io.github.bonigarcia.wdm.cache.ResolutionCache -- Removing resolution chrome=121 from cache (expired on Fri Feb 23 12:41:10 ART 2024)
11:38:46.488 [main] DEBUG org.apache.hc.client5.http.impl.classic.InternalHttpClient -- ex-0000000001 preparing request execution
11:38:46.499 [main] DEBUG org.apache.hc.client5.http.impl.classic.ProtocolExec -- ex-0000000001 target auth state: UNCHALLENGED
11:38:46.500 [main] DEBUG org.apache.hc.client5.http.impl.classic.ProtocolExec -- ex-0000000001 proxy auth state: UNCHALLENGED
11:38:46.500 [main] DEBUG org.apache.hc.client5.http.impl.classic.ConnectExec -- ex-0000000001 acquiring connection with route {s}->https://raw.githubusercontent.com:443
11:38:46.500 [main] DEBUG org.apache.hc.client5.http.impl.classic.InternalHttpClient -- ex-0000000001 acquiring endpoint (3 MINUTES)
11:38:46.502 [main] DEBUG org.apache.hc.client5.http.impl.io.PoolingHttpClientConnectionManager -- ex-0000000001 endpoint lease request (3 MINUTES) [route: {s}->https://raw.githubusercontent.com:443][total available: 0; route allocated: 0 of 5; total allocated: 0 of 25]
11:38:46.506 [main] DEBUG org.apache.hc.client5.http.impl.io.PoolingHttpClientConnectionManager -- ex-0000000001 endpoint leased [route: {s}->https://raw.githubusercontent.com:443][total available: 0; route allocated: 1 of 5; total allocated: 1 of 25]
11:38:46.519 [main] DEBUG org.apache.hc.client5.http.impl.io.PoolingHttpClientConnectionManager -- ex-0000000001 acquired ep-0000000001
11:38:46.519 [main] DEBUG org.apache.hc.client5.http.impl.classic.InternalHttpClient -- ex-0000000001 acquired endpoint ep-0000000001
11:38:46.519 [main] DEBUG org.apache.hc.client5.http.impl.classic.ConnectExec -- ex-0000000001 opening connection {s}->https://raw.githubusercontent.com:443
11:38:46.520 [main] DEBUG org.apache.hc.client5.http.impl.classic.InternalHttpClient -- ep-0000000001 connecting endpoint (null)
11:38:46.523 [main] DEBUG org.apache.hc.client5.http.impl.io.PoolingHttpClientConnectionManager -- ep-0000000001 connecting endpoint to https://raw.githubusercontent.com:443 (30 SECONDS)
11:38:46.523 [main] DEBUG org.apache.hc.client5.http.impl.io.DefaultHttpClientConnectionOperator -- raw.githubusercontent.com resolving remote address
11:38:46.534 [main] DEBUG org.apache.hc.client5.http.impl.io.DefaultHttpClientConnectionOperator -- raw.githubusercontent.com resolved to [raw.githubusercontent.com/185.199.110.133, raw.githubusercontent.com/185.199.111.133, raw.githubusercontent.com/185.199.108.133, raw.githubusercontent.com/185.199.109.133]
11:38:46.543 [main] DEBUG org.apache.hc.client5.http.impl.io.DefaultHttpClientConnectionOperator -- raw.githubusercontent.com:443 connecting null->raw.githubusercontent.com/185.199.110.133:443 (30 SECONDS)
11:38:46.543 [main] DEBUG org.apache.hc.client5.http.ssl.SSLConnectionSocketFactory -- Connecting socket to raw.githubusercontent.com/185.199.110.133:443 with timeout 30 SECONDS
11:38:46.620 [main] DEBUG org.apache.hc.client5.http.ssl.SSLConnectionSocketFactory -- Enabled protocols: [TLSv1.3, TLSv1.2]
11:38:46.620 [main] DEBUG org.apache.hc.client5.http.ssl.SSLConnectionSocketFactory -- Enabled cipher suites: [TLS_AES_256_GCM_SHA384, TLS_AES_128_GCM_SHA256, TLS_CHACHA20_POLY1305_SHA256, TLS_ECDHE_ECDSA_WITH_AES_256_GCM_SHA384, TLS_ECDHE_ECDSA_WITH_AES_128_GCM_SHA256, TLS_ECDHE_ECDSA_WITH_CHACHA20_POLY1305_SHA256, TLS_ECDHE_RSA_WITH_AES_256_GCM_SHA384, TLS_ECDHE_RSA_WITH_CHACHA20_POLY1305_SHA256, TLS_ECDHE_RSA_WITH_AES_128_GCM_SHA256, TLS_DHE_RSA_WITH_AES_256_GCM_SHA384, TLS_DHE_RSA_WITH_CHACHA20_POLY1305_SHA256, TLS_DHE_DSS_WITH_AES_256_GCM_SHA384, TLS_DHE_RSA_WITH_AES_128_GCM_SHA256, TLS_DHE_DSS_WITH_AES_128_GCM_SHA256, TLS_ECDHE_ECDSA_WITH_AES_256_CBC_SHA384, TLS_ECDHE_RSA_WITH_AES_256_CBC_SHA384, TLS_ECDHE_ECDSA_WITH_AES_128_CBC_SHA256, TLS_ECDHE_RSA_WITH_AES_128_CBC_SHA256, TLS_DHE_RSA_WITH_AES_256_CBC_SHA256, TLS_DHE_DSS_WITH_AES_256_CBC_SHA256, TLS_DHE_RSA_WITH_AES_128_CBC_SHA256, TLS_DHE_DSS_WITH_AES_128_CBC_SHA256, TLS_ECDHE_ECDSA_WITH_AES_256_CBC_SHA, TLS_ECDHE_RSA_WITH_AES_256_CBC_SHA, TLS_ECDHE_ECDSA_WITH_AES_128_CBC_SHA, TLS_ECDHE_RSA_WITH_AES_128_CBC_SHA, TLS_DHE_RSA_WITH_AES_256_CBC_SHA, TLS_DHE_DSS_WITH_AES_256_CBC_SHA, TLS_DHE_RSA_WITH_AES_128_CBC_SHA, TLS_DHE_DSS_WITH_AES_128_CBC_SHA, TLS_RSA_WITH_AES_256_GCM_SHA384, TLS_RSA_WITH_AES_128_GCM_SHA256, TLS_RSA_WITH_AES_256_CBC_SHA256, TLS_RSA_WITH_AES_128_CBC_SHA256, TLS_RSA_WITH_AES_256_CBC_SHA, TLS_RSA_WITH_AES_128_CBC_SHA, TLS_EMPTY_RENEGOTIATION_INFO_SCSV]
11:38:46.620 [main] DEBUG org.apache.hc.client5.http.ssl.SSLConnectionSocketFactory -- Starting handshake (null)
11:38:46.741 [main] DEBUG org.apache.hc.client5.http.ssl.SSLConnectionSocketFactory -- Secure session established
11:38:46.741 [main] DEBUG org.apache.hc.client5.http.ssl.SSLConnectionSocketFactory --  negotiated protocol: TLSv1.3
11:38:46.741 [main] DEBUG org.apache.hc.client5.http.ssl.SSLConnectionSocketFactory --  negotiated cipher suite: TLS_AES_128_GCM_SHA256
11:38:46.741 [main] DEBUG org.apache.hc.client5.http.ssl.SSLConnectionSocketFactory --  peer principal: CN=*.github.io, O="GitHub, Inc.", L=San Francisco, ST=California, C=US
11:38:46.743 [main] DEBUG org.apache.hc.client5.http.ssl.SSLConnectionSocketFactory --  peer alternative names: [*.github.io, github.io, *.github.com, github.com, www.github.com, *.githubusercontent.com, githubusercontent.com]
11:38:46.743 [main] DEBUG org.apache.hc.client5.http.ssl.SSLConnectionSocketFactory --  issuer principal: CN=DigiCert TLS RSA SHA256 2020 CA1, O=DigiCert Inc, C=US
11:38:46.744 [main] DEBUG org.apache.hc.client5.http.impl.io.DefaultManagedHttpClientConnection -- http-outgoing-0 set socket timeout to 3 MINUTES
11:38:46.744 [main] DEBUG org.apache.hc.client5.http.impl.io.DefaultHttpClientConnectionOperator -- raw.githubusercontent.com:443 connected null->raw.githubusercontent.com/185.199.110.133:443 as http-outgoing-0
11:38:46.744 [main] DEBUG org.apache.hc.client5.http.impl.io.PoolingHttpClientConnectionManager -- ep-0000000001 connected http-outgoing-0
11:38:46.744 [main] DEBUG org.apache.hc.client5.http.impl.classic.InternalHttpClient -- ep-0000000001 endpoint connected
11:38:46.745 [main] DEBUG org.apache.hc.client5.http.impl.classic.MainClientExec -- ex-0000000001 executing GET /bonigarcia/webdrivermanager/master/src/main/resources/commands.properties HTTP/1.1
11:38:46.745 [main] DEBUG org.apache.hc.client5.http.protocol.RequestAddCookies -- ex-0000000001 Cookie spec selected: strict
11:38:46.754 [main] DEBUG org.apache.hc.client5.http.impl.classic.InternalHttpClient -- ep-0000000001 start execution ex-0000000001
11:38:46.755 [main] DEBUG org.apache.hc.client5.http.impl.io.PoolingHttpClientConnectionManager -- ep-0000000001 executing exchange ex-0000000001 over http-outgoing-0
11:38:46.755 [main] DEBUG org.apache.hc.client5.http.headers -- http-outgoing-0 >> GET /bonigarcia/webdrivermanager/master/src/main/resources/commands.properties HTTP/1.1
11:38:46.755 [main] DEBUG org.apache.hc.client5.http.headers -- http-outgoing-0 >> user-agent: Apache-HttpClient/5.0
11:38:46.755 [main] DEBUG org.apache.hc.client5.http.headers -- http-outgoing-0 >> accept-encoding: gzip, deflate, br
11:38:46.755 [main] DEBUG org.apache.hc.client5.http.headers -- http-outgoing-0 >> cache-control: max-age=0
11:38:46.755 [main] DEBUG org.apache.hc.client5.http.headers -- http-outgoing-0 >> connection: keep-alive
11:38:46.755 [main] DEBUG org.apache.hc.client5.http.headers -- http-outgoing-0 >> Host: raw.githubusercontent.com
11:38:46.756 [main] DEBUG org.apache.hc.client5.http.wire -- http-outgoing-0 >> "GET /bonigarcia/webdrivermanager/master/src/main/resources/commands.properties HTTP/1.1[\r][\n]"
11:38:46.756 [main] DEBUG org.apache.hc.client5.http.wire -- http-outgoing-0 >> "user-agent: Apache-HttpClient/5.0[\r][\n]"
11:38:46.756 [main] DEBUG org.apache.hc.client5.http.wire -- http-outgoing-0 >> "accept-encoding: gzip, deflate, br[\r][\n]"
11:38:46.756 [main] DEBUG org.apache.hc.client5.http.wire -- http-outgoing-0 >> "cache-control: max-age=0[\r][\n]"
11:38:46.756 [main] DEBUG org.apache.hc.client5.http.wire -- http-outgoing-0 >> "connection: keep-alive[\r][\n]"
11:38:46.756 [main] DEBUG org.apache.hc.client5.http.wire -- http-outgoing-0 >> "Host: raw.githubusercontent.com[\r][\n]"
11:38:46.756 [main] DEBUG org.apache.hc.client5.http.wire -- http-outgoing-0 >> "[\r][\n]"
11:38:46.782 [main] DEBUG org.apache.hc.client5.http.wire -- http-outgoing-0 << "HTTP/1.1 200 OK[\r][\n]"
11:38:46.782 [main] DEBUG org.apache.hc.client5.http.wire -- http-outgoing-0 << "Connection: keep-alive[\r][\n]"
11:38:46.782 [main] DEBUG org.apache.hc.client5.http.wire -- http-outgoing-0 << "Content-Length: 745[\r][\n]"
11:38:46.782 [main] DEBUG org.apache.hc.client5.http.wire -- http-outgoing-0 << "Cache-Control: max-age=300[\r][\n]"
11:38:46.782 [main] DEBUG org.apache.hc.client5.http.wire -- http-outgoing-0 << "Content-Security-Policy: default-src 'none'; style-src 'unsafe-inline'; sandbox[\r][\n]"
11:38:46.782 [main] DEBUG org.apache.hc.client5.http.wire -- http-outgoing-0 << "Content-Type: text/plain; charset=utf-8[\r][\n]"
11:38:46.782 [main] DEBUG org.apache.hc.client5.http.wire -- http-outgoing-0 << "ETag: W/"dd41edff335272162022217759820159dac501cff56850e2510f504462cd9b5f"[\r][\n]"
11:38:46.783 [main] DEBUG org.apache.hc.client5.http.wire -- http-outgoing-0 << "Strict-Transport-Security: max-age=31536000[\r][\n]"
11:38:46.783 [main] DEBUG org.apache.hc.client5.http.wire -- http-outgoing-0 << "X-Content-Type-Options: nosniff[\r][\n]"
11:38:46.783 [main] DEBUG org.apache.hc.client5.http.wire -- http-outgoing-0 << "X-Frame-Options: deny[\r][\n]"
11:38:46.783 [main] DEBUG org.apache.hc.client5.http.wire -- http-outgoing-0 << "X-XSS-Protection: 1; mode=block[\r][\n]"
11:38:46.783 [main] DEBUG org.apache.hc.client5.http.wire -- http-outgoing-0 << "X-GitHub-Request-Id: 45F2:2A560E:558B07:6205BF:65D7477E[\r][\n]"
11:38:46.783 [main] DEBUG org.apache.hc.client5.http.wire -- http-outgoing-0 << "Content-Encoding: gzip[\r][\n]"
11:38:46.783 [main] DEBUG org.apache.hc.client5.http.wire -- http-outgoing-0 << "Accept-Ranges: bytes[\r][\n]"
11:38:46.783 [main] DEBUG org.apache.hc.client5.http.wire -- http-outgoing-0 << "Date: Mon, 26 Feb 2024 14:38:46 GMT[\r][\n]"
11:38:46.783 [main] DEBUG org.apache.hc.client5.http.wire -- http-outgoing-0 << "Via: 1.1 varnish[\r][\n]"
11:38:46.783 [main] DEBUG org.apache.hc.client5.http.wire -- http-outgoing-0 << "X-Served-By: cache-eze2230023-EZE[\r][\n]"
11:38:46.783 [main] DEBUG org.apache.hc.client5.http.wire -- http-outgoing-0 << "X-Cache: HIT[\r][\n]"
11:38:46.783 [main] DEBUG org.apache.hc.client5.http.wire -- http-outgoing-0 << "X-Cache-Hits: 1[\r][\n]"
11:38:46.783 [main] DEBUG org.apache.hc.client5.http.wire -- http-outgoing-0 << "X-Timer: S1708958327.774324,VS0,VE1[\r][\n]"
11:38:46.783 [main] DEBUG org.apache.hc.client5.http.wire -- http-outgoing-0 << "Vary: Authorization,Accept-Encoding,Origin[\r][\n]"
11:38:46.783 [main] DEBUG org.apache.hc.client5.http.wire -- http-outgoing-0 << "Access-Control-Allow-Origin: *[\r][\n]"
11:38:46.783 [main] DEBUG org.apache.hc.client5.http.wire -- http-outgoing-0 << "Cross-Origin-Resource-Policy: cross-origin[\r][\n]"
11:38:46.783 [main] DEBUG org.apache.hc.client5.http.wire -- http-outgoing-0 << "X-Fastly-Request-ID: 29cb2fda50154434359b6ce772952c0e0dd1e017[\r][\n]"
11:38:46.783 [main] DEBUG org.apache.hc.client5.http.wire -- http-outgoing-0 << "Expires: Mon, 26 Feb 2024 14:43:46 GMT[\r][\n]"
11:38:46.784 [main] DEBUG org.apache.hc.client5.http.wire -- http-outgoing-0 << "Source-Age: 238[\r][\n]"
11:38:46.784 [main] DEBUG org.apache.hc.client5.http.wire -- http-outgoing-0 << "[\r][\n]"
11:38:46.786 [main] DEBUG org.apache.hc.client5.http.headers -- http-outgoing-0 << HTTP/1.1 200 OK
11:38:46.786 [main] DEBUG org.apache.hc.client5.http.headers -- http-outgoing-0 << Connection: keep-alive
11:38:46.786 [main] DEBUG org.apache.hc.client5.http.headers -- http-outgoing-0 << Content-Length: 745
11:38:46.786 [main] DEBUG org.apache.hc.client5.http.headers -- http-outgoing-0 << Cache-Control: max-age=300
11:38:46.786 [main] DEBUG org.apache.hc.client5.http.headers -- http-outgoing-0 << Content-Security-Policy: default-src 'none'; style-src 'unsafe-inline'; sandbox
11:38:46.786 [main] DEBUG org.apache.hc.client5.http.headers -- http-outgoing-0 << Content-Type: text/plain; charset=utf-8
11:38:46.786 [main] DEBUG org.apache.hc.client5.http.headers -- http-outgoing-0 << ETag: W/"dd41edff335272162022217759820159dac501cff56850e2510f504462cd9b5f"
11:38:46.786 [main] DEBUG org.apache.hc.client5.http.headers -- http-outgoing-0 << Strict-Transport-Security: max-age=31536000
11:38:46.786 [main] DEBUG org.apache.hc.client5.http.headers -- http-outgoing-0 << X-Content-Type-Options: nosniff
11:38:46.786 [main] DEBUG org.apache.hc.client5.http.headers -- http-outgoing-0 << X-Frame-Options: deny
11:38:46.786 [main] DEBUG org.apache.hc.client5.http.headers -- http-outgoing-0 << X-XSS-Protection: 1; mode=block
11:38:46.786 [main] DEBUG org.apache.hc.client5.http.headers -- http-outgoing-0 << X-GitHub-Request-Id: 45F2:2A560E:558B07:6205BF:65D7477E
11:38:46.786 [main] DEBUG org.apache.hc.client5.http.headers -- http-outgoing-0 << Content-Encoding: gzip
11:38:46.786 [main] DEBUG org.apache.hc.client5.http.headers -- http-outgoing-0 << Accept-Ranges: bytes
11:38:46.786 [main] DEBUG org.apache.hc.client5.http.headers -- http-outgoing-0 << Date: Mon, 26 Feb 2024 14:38:46 GMT
11:38:46.786 [main] DEBUG org.apache.hc.client5.http.headers -- http-outgoing-0 << Via: 1.1 varnish
11:38:46.786 [main] DEBUG org.apache.hc.client5.http.headers -- http-outgoing-0 << X-Served-By: cache-eze2230023-EZE
11:38:46.786 [main] DEBUG org.apache.hc.client5.http.headers -- http-outgoing-0 << X-Cache: HIT
11:38:46.786 [main] DEBUG org.apache.hc.client5.http.headers -- http-outgoing-0 << X-Cache-Hits: 1
11:38:46.787 [main] DEBUG org.apache.hc.client5.http.headers -- http-outgoing-0 << X-Timer: S1708958327.774324,VS0,VE1
11:38:46.787 [main] DEBUG org.apache.hc.client5.http.headers -- http-outgoing-0 << Vary: Authorization,Accept-Encoding,Origin
11:38:46.787 [main] DEBUG org.apache.hc.client5.http.headers -- http-outgoing-0 << Access-Control-Allow-Origin: *
11:38:46.787 [main] DEBUG org.apache.hc.client5.http.headers -- http-outgoing-0 << Cross-Origin-Resource-Policy: cross-origin
11:38:46.787 [main] DEBUG org.apache.hc.client5.http.headers -- http-outgoing-0 << X-Fastly-Request-ID: 29cb2fda50154434359b6ce772952c0e0dd1e017
11:38:46.787 [main] DEBUG org.apache.hc.client5.http.headers -- http-outgoing-0 << Expires: Mon, 26 Feb 2024 14:43:46 GMT
11:38:46.787 [main] DEBUG org.apache.hc.client5.http.headers -- http-outgoing-0 << Source-Age: 238
11:38:46.790 [main] DEBUG org.apache.hc.client5.http.impl.classic.MainClientExec -- ex-0000000001 connection can be kept alive for 3 MINUTES
11:38:46.800 [main] DEBUG org.apache.hc.client5.http.wire -- http-outgoing-0 << "[0x1f][0xffffff8b][0x8][0x0][0x0][0x0][0x0][0x0][0x0][0x3][0xffffffb5]W]o[0xffffffda]0[0x14]}[0xffffffe7]W\QUj% [0x1b][0xffffffad][0xffffffa6]i[0x12][0xf]4c[0xffffffdd]4*[0x18][0xffffffb4][0xffffffdd]&[0xfffffff9][0xffffffc5]$N[0xffffffb0][0xffffff94][0xffffffd8][0xffffffc8]NJ[0xffffffb7]_?[0xffffffdb][0xfffffff9]X[0xffffff92]:[0xffffffa3]k[0xffffffe8][0x1b][0xffffffb6][0xffffffef]=[0xffffffe7][0xffffffd8][0xfffffff7][0xffffffe4][0xffffffda][0xffffff9c][0xffffff80][0xffffffcb][0xffffffe3][0x18]3_[0xffffff82][0xffffff8f][0x13][0xffffffbc][0xffffffc1][0xffffff92][0xfffffff4]N[0xffffffe0]vK%[0x4]4"[0xffffffe0]q[0xffffff96]`[0xffffffca]$$[=[0xffffffc8]C[0x13][0xe][0x1b][0x2][0xffffffe4][0xffffff91]xiB|[0xffffffa0][0xffffffcc],[0xffffffcb]-[0xffffff89]"=[0xffffffe0][0xffffffc2]'B[0x7][0xfffffff9]$!^b[0x16][0x1f][0xffffff88][0xffffff90][0xffffff94][0xffffffab][0xffffffb5][0x0][0xffffff88][0xfffffffa][0x1d][\n]"
11:38:46.800 [main] DEBUG org.apache.hc.client5.http.wire -- http-outgoing-0 << "B[0x18]l[0x4][0xffffffdf]K[0xffffffb5][0xffffffa0]([0xffffffcf][0xffffffdc][0xffffffad][0xffffffe0]1[0x19][0xffffffc0]'*H[0xffffffc0][0x1f][0x7][0xffffffb0][0xffffffd8][0x11][0xffffff81][0x7]0[0xfffffff3]C5kVi[0x1a][0xffffff9f]k|[0xffffff9f][0x6][0x1][0x11][0xffffff84]%[0xffffffc0]uLBY[0x8][0xfffffff2][0xffffff97]LH,[0xffffffe1][0xffffffec];e[0xffffffbe]B[0x1d][0xffffffc0][0xffffff9c][0xffffffb2]T[0xffffffc1][0xffffffdc]`[0xf][0x16][0xffffffeb][0xfffffff3][0xffffff9e][0xffffffe2][0xffffffc8](z[0xfffffff9]6F[0xffffff9e][0x19][0xffffff8e][0xfffffff6]Y[0xffffffc2][0xffffffe8][0xffffffcd][0xffffffdb][0xffffff89][0x17][0xfffffffb]#[0xffffffb5]+p\[0xffffffd8][0xffffffc7][0xffffffd4]3Gb[0xffffff8e]a[0xffffffbf]U|[0xffffffc0]pL&[0xfffffffd][0xffffffd3][0xffffffe5]jq[0xffffffbd][0xffffff9a][0xffffffde]|[0xfffffffa]2[0xffffff9f][0xffffffad]?[0xffffffa0][0x9]B[0xffffffa7][0x8]]s[0x1e]F[0x4][0xffffffa1][0xffffff8c][0x2][0xffffffa1][0xffffffe9]n[0x17]QOI[0xffffffe3][0xc][0xffffffa1][0xffffff9c]H![0xfffffff7]!$[0x9][0xffffffdc][0xffffffe7]g[0xffffffe1]<[0xffffffe0](m[0xffffffd7]3~[0xffffff81][0xffffff9e][0xffffffb3][0x1f][0xffffffef][0xffffffdf][0xffffff9d][0xffffffbf][0xffffffa6][0xffffffa8][0xffffff8b]g[0xffffff8a][0xffffff9a]/[0xffffffdc][0xffffffe9]|[0xffffffba]\~[0xffffff9c][0xffffffde]N_S[0xffffffcf][0xffffffe5]d5[0xffffffbb][0xffffff86]ow[0xffffffb3][0xffffffd5]O[0xfffffff8][0xfffffffc][0xffffffd5][0xffffffbd]Ck[0x1e]${,H[0xffffffc1][0xffffff96][0xffffff93]][0xffffffcd][0xffffffaf][0x8][0xfffffff6][0xc]^[0xffffffe1][0xffffffc5]^[0x13]4[0xffffffd2][0xffffff8e][0xffffffd1]>pR)[0xffffff9c][\r]eNh0[0xffffff86][0xffffffd9]:[0xc][0xffffff87]E[0xffffffa6]=q<i[0xffffff8b]o&[0xffffffc4][0xffffffd8]3<[0xffffff95][0x13][0xffffff90]N&8w[0xffffffe9][0x8][0xffffffef]v[0xffffff8e][0xffffffab][0xffffffbe]>es[0xffffffe9]([0x13]/[0xffffffd6][0xfffffff5][0xffffff80]*[0xffffffba][0xfffffff2]v[0xfffffffe][0xffffffd9][0xffffff94]DA6>[0xffffff8e][0xffffffbb]o[0xfffffff8]o[0x1a]E[0xffffffb8] A[0xffffffa8]@?T[0xffffffad]'*:{[0xfffffffa]xR.*[0xffffffce][0xffffffe9][0xffffffd7][0xffffffad][0xffffff93][0xffffff93]4[0xffffffc9][0xfffffffa][0xffffffda]<n*t[0xffffffeb][0xffffffb9]oV[0xffffffb6][0xffffffc0]/M[0xffffff94]O[0xffffffc0][0xfffffff0][0xffffffe1]i[0xffffff90][0xffffffb5][0xfffffffe]9[0xffffff8b][0xffffffad][0xfffffff2]U,Ul[0xffffffdd][0x13]KL[0xffffffa2][0x6][0xffffffdd][0xffffffca]\?`[0xffffffea][0x9].[0xffffffd5]I [0xffffffa4]i[0x1a]_i,[\r][0xffffffdd][0xffffffa1][0xffffffc3][0xffffffae]kzI[0xffffffd1]_Q[0xffffffce]Ek[0xffffffcb][0xfffffff8]Kf[0xffffffb8][0xfffffffe][0xffffffd9]3[0xc][0xffffffe6][0xffffffd3][0xffffff8e][0x11][0x17][0x10]C[0x1d]`i[0x19][0xffffffd5][0xffffffbc][0xfffffff1][0xffffffa4]5[0xffffffbc][0x1e]o[0xfffffff5]K[0xffffffa9][0xffffffd6][0xfffffff8][0xffffffc1]f[0xffffff9b]z[0x4][0xffffffd4][0x1a][0xffffff86][0xffffffb9]^K[0x16]s[0xffffff91][0xfffffffe][0xffffffbf][0xffffff8b]l]~)x(p,[0x11]2[0x14][0x8]E8e[0xffffff9e][0xffffffca]:X[0xffffffa6][0xffffff86][0xffffff88].[0xffffffb6]9[0xffffff9a][0xffffff88].[0xfffffff7]]G[0xffffffea][0xffffffcb][0xe][0xfffffffb][0x7f].u[0xffffff83][0xffffffbb][0xfffffff4][0xffffffb3][0x19][0xffffffda][0xffffffec][0xffffff98][0xffffffc5]Y[0xfffffffd]h8m6\4[0xffffffc1][0xffffff8a][0xffffffb7][0xffffff98]z[0xffffffd0][0xffffffd5]oF5q[0x1c][0x13][0x16][0xfffffff0][0x1d][0x1e][0x19]5-[0xffffff9d][0xffffffef][0xffffffad]c[0xb]z[0xffffffae]/m[0xffffffe6]8[0xffffffb6][0xffffff96][0xfffffff6]7X[0xffffffc9]t[0xfffffff8][0xfffffff9][0xffffffa5][0x11]K[0xfffffffb][0x15]3[0xffffffc3][0xfffffffc][0x1f]B[0xffffffdb][0xffffffd3][0xffffffab][0xffffff92]4.[0xffffff93]Z[0xffffffdf]]:[0xffffffda][0xffffffea][0xffffffdc]B[0xffffffa6][0xffffffcd][0xffffffbc][0xffffffae][0x5][0xfffffff5][0x4][0xffffffd6]8[0xffffffc0][0xffffff82][0xffffff96][0xfffffff0][0xffffffd2][0xc][0xffffffed][0xffffffe0]Y[0xffffffa8][\r]:[[0xffffffa9][0x0][0xffffffff][0x1][0xfffffff8][0x15][0xffffffb4][0xffffffee][0xffffff8e][\r][0x0][0x0]"
11:38:46.801 [main] DEBUG org.apache.hc.client5.http.impl.classic.InternalHttpClient -- ep-0000000001 releasing valid endpoint
11:38:46.801 [main] DEBUG org.apache.hc.client5.http.impl.io.PoolingHttpClientConnectionManager -- ep-0000000001 releasing endpoint
11:38:46.802 [main] DEBUG org.apache.hc.client5.http.impl.io.PoolingHttpClientConnectionManager -- ep-0000000001 connection http-outgoing-0 can be kept alive for 3 MINUTES
11:38:46.802 [main] DEBUG org.apache.hc.client5.http.impl.io.PoolingHttpClientConnectionManager -- ep-0000000001 connection released [route: {s}->https://raw.githubusercontent.com:443][total available: 1; route allocated: 1 of 5; total allocated: 1 of 25]
11:38:46.802 [main] DEBUG io.github.bonigarcia.wdm.versions.VersionDetector -- Detecting chrome version using online commands.properties
11:38:46.805 [main] DEBUG io.github.bonigarcia.wdm.versions.Shell -- Running command on the shell: [cmd.exe, /C, wmic, datafile, where, name="%PROGRAMFILES:\=\\%\\Google\\Chrome\\Application\\chrome.exe", get, Version, /value]
11:38:47.146 [main] DEBUG io.github.bonigarcia.wdm.versions.Shell -- Result: 
11:38:47.147 [main] DEBUG io.github.bonigarcia.wdm.versions.Shell -- Running command on the shell: [cmd.exe, /C, wmic, datafile, where, name="%PROGRAMFILES(X86):\=\\%\\Google\\Chrome\\Application\\chrome.exe", get, Version, /value]
11:38:47.348 [main] DEBUG io.github.bonigarcia.wdm.versions.Shell -- Result: 
11:38:47.349 [main] DEBUG io.github.bonigarcia.wdm.versions.Shell -- Running command on the shell: [cmd.exe, /C, wmic, datafile, where, name="%LOCALAPPDATA:\=\\%\\Google\\Chrome\\Application\\chrome.exe", get, Version, /value]
11:38:47.547 [main] DEBUG io.github.bonigarcia.wdm.versions.Shell -- Result: Version=121.0.6167.189
11:38:47.548 [main] DEBUG io.github.bonigarcia.wdm.cache.ResolutionCache -- Removing resolution chrome121=121.0.6167.184 from cache (expired on Sat Feb 24 11:41:10 ART 2024)
11:38:47.559 [main] DEBUG org.apache.hc.client5.http.impl.classic.InternalHttpClient -- ex-0000000002 preparing request execution
11:38:47.559 [main] DEBUG org.apache.hc.client5.http.impl.classic.ProtocolExec -- ex-0000000002 target auth state: UNCHALLENGED
11:38:47.559 [main] DEBUG org.apache.hc.client5.http.impl.classic.ProtocolExec -- ex-0000000002 proxy auth state: UNCHALLENGED
11:38:47.559 [main] DEBUG org.apache.hc.client5.http.impl.classic.ConnectExec -- ex-0000000002 acquiring connection with route {s}->https://googlechromelabs.github.io:443
11:38:47.559 [main] DEBUG org.apache.hc.client5.http.impl.classic.InternalHttpClient -- ex-0000000002 acquiring endpoint (3 MINUTES)
11:38:47.559 [main] DEBUG org.apache.hc.client5.http.impl.io.PoolingHttpClientConnectionManager -- ex-0000000002 endpoint lease request (3 MINUTES) [route: {s}->https://googlechromelabs.github.io:443][total available: 1; route allocated: 0 of 5; total allocated: 1 of 25]
11:38:47.559 [main] DEBUG org.apache.hc.client5.http.impl.io.PoolingHttpClientConnectionManager -- ex-0000000002 endpoint leased [route: {s}->https://googlechromelabs.github.io:443][total available: 1; route allocated: 1 of 5; total allocated: 2 of 25]
11:38:47.559 [main] DEBUG org.apache.hc.client5.http.impl.io.PoolingHttpClientConnectionManager -- ex-0000000002 acquired ep-0000000002
11:38:47.559 [main] DEBUG org.apache.hc.client5.http.impl.classic.InternalHttpClient -- ex-0000000002 acquired endpoint ep-0000000002
11:38:47.559 [main] DEBUG org.apache.hc.client5.http.impl.classic.ConnectExec -- ex-0000000002 opening connection {s}->https://googlechromelabs.github.io:443
11:38:47.559 [main] DEBUG org.apache.hc.client5.http.impl.classic.InternalHttpClient -- ep-0000000002 connecting endpoint (null)
11:38:47.559 [main] DEBUG org.apache.hc.client5.http.impl.io.PoolingHttpClientConnectionManager -- ep-0000000002 connecting endpoint to https://googlechromelabs.github.io:443 (30 SECONDS)
11:38:47.559 [main] DEBUG org.apache.hc.client5.http.impl.io.DefaultHttpClientConnectionOperator -- googlechromelabs.github.io resolving remote address
11:38:47.644 [main] DEBUG org.apache.hc.client5.http.impl.io.DefaultHttpClientConnectionOperator -- googlechromelabs.github.io resolved to [googlechromelabs.github.io/185.199.108.153, googlechromelabs.github.io/185.199.111.153, googlechromelabs.github.io/185.199.110.153, googlechromelabs.github.io/185.199.109.153]
11:38:47.645 [main] DEBUG org.apache.hc.client5.http.impl.io.DefaultHttpClientConnectionOperator -- googlechromelabs.github.io:443 connecting null->googlechromelabs.github.io/185.199.108.153:443 (30 SECONDS)
11:38:47.645 [main] DEBUG org.apache.hc.client5.http.ssl.SSLConnectionSocketFactory -- Connecting socket to googlechromelabs.github.io/185.199.108.153:443 with timeout 30 SECONDS
11:38:47.671 [main] DEBUG org.apache.hc.client5.http.ssl.SSLConnectionSocketFactory -- Enabled protocols: [TLSv1.3, TLSv1.2]
11:38:47.671 [main] DEBUG org.apache.hc.client5.http.ssl.SSLConnectionSocketFactory -- Enabled cipher suites: [TLS_AES_256_GCM_SHA384, TLS_AES_128_GCM_SHA256, TLS_CHACHA20_POLY1305_SHA256, TLS_ECDHE_ECDSA_WITH_AES_256_GCM_SHA384, TLS_ECDHE_ECDSA_WITH_AES_128_GCM_SHA256, TLS_ECDHE_ECDSA_WITH_CHACHA20_POLY1305_SHA256, TLS_ECDHE_RSA_WITH_AES_256_GCM_SHA384, TLS_ECDHE_RSA_WITH_CHACHA20_POLY1305_SHA256, TLS_ECDHE_RSA_WITH_AES_128_GCM_SHA256, TLS_DHE_RSA_WITH_AES_256_GCM_SHA384, TLS_DHE_RSA_WITH_CHACHA20_POLY1305_SHA256, TLS_DHE_DSS_WITH_AES_256_GCM_SHA384, TLS_DHE_RSA_WITH_AES_128_GCM_SHA256, TLS_DHE_DSS_WITH_AES_128_GCM_SHA256, TLS_ECDHE_ECDSA_WITH_AES_256_CBC_SHA384, TLS_ECDHE_RSA_WITH_AES_256_CBC_SHA384, TLS_ECDHE_ECDSA_WITH_AES_128_CBC_SHA256, TLS_ECDHE_RSA_WITH_AES_128_CBC_SHA256, TLS_DHE_RSA_WITH_AES_256_CBC_SHA256, TLS_DHE_DSS_WITH_AES_256_CBC_SHA256, TLS_DHE_RSA_WITH_AES_128_CBC_SHA256, TLS_DHE_DSS_WITH_AES_128_CBC_SHA256, TLS_ECDHE_ECDSA_WITH_AES_256_CBC_SHA, TLS_ECDHE_RSA_WITH_AES_256_CBC_SHA, TLS_ECDHE_ECDSA_WITH_AES_128_CBC_SHA, TLS_ECDHE_RSA_WITH_AES_128_CBC_SHA, TLS_DHE_RSA_WITH_AES_256_CBC_SHA, TLS_DHE_DSS_WITH_AES_256_CBC_SHA, TLS_DHE_RSA_WITH_AES_128_CBC_SHA, TLS_DHE_DSS_WITH_AES_128_CBC_SHA, TLS_RSA_WITH_AES_256_GCM_SHA384, TLS_RSA_WITH_AES_128_GCM_SHA256, TLS_RSA_WITH_AES_256_CBC_SHA256, TLS_RSA_WITH_AES_128_CBC_SHA256, TLS_RSA_WITH_AES_256_CBC_SHA, TLS_RSA_WITH_AES_128_CBC_SHA, TLS_EMPTY_RENEGOTIATION_INFO_SCSV]
11:38:47.671 [main] DEBUG org.apache.hc.client5.http.ssl.SSLConnectionSocketFactory -- Starting handshake (null)
11:38:47.703 [main] DEBUG org.apache.hc.client5.http.ssl.SSLConnectionSocketFactory -- Secure session established
11:38:47.703 [main] DEBUG org.apache.hc.client5.http.ssl.SSLConnectionSocketFactory --  negotiated protocol: TLSv1.3
11:38:47.703 [main] DEBUG org.apache.hc.client5.http.ssl.SSLConnectionSocketFactory --  negotiated cipher suite: TLS_AES_128_GCM_SHA256
11:38:47.703 [main] DEBUG org.apache.hc.client5.http.ssl.SSLConnectionSocketFactory --  peer principal: CN=*.github.io, O="GitHub, Inc.", L=San Francisco, ST=California, C=US
11:38:47.703 [main] DEBUG org.apache.hc.client5.http.ssl.SSLConnectionSocketFactory --  peer alternative names: [*.github.io, github.io, *.github.com, github.com, www.github.com, *.githubusercontent.com, githubusercontent.com]
11:38:47.703 [main] DEBUG org.apache.hc.client5.http.ssl.SSLConnectionSocketFactory --  issuer principal: CN=DigiCert TLS RSA SHA256 2020 CA1, O=DigiCert Inc, C=US
11:38:47.703 [main] DEBUG org.apache.hc.client5.http.impl.io.DefaultManagedHttpClientConnection -- http-outgoing-1 set socket timeout to 3 MINUTES
11:38:47.703 [main] DEBUG org.apache.hc.client5.http.impl.io.DefaultHttpClientConnectionOperator -- googlechromelabs.github.io:443 connected null->googlechromelabs.github.io/185.199.108.153:443 as http-outgoing-1
11:38:47.703 [main] DEBUG org.apache.hc.client5.http.impl.io.PoolingHttpClientConnectionManager -- ep-0000000002 connected http-outgoing-1
11:38:47.703 [main] DEBUG org.apache.hc.client5.http.impl.classic.InternalHttpClient -- ep-0000000002 endpoint connected
11:38:47.703 [main] DEBUG org.apache.hc.client5.http.impl.classic.MainClientExec -- ex-0000000002 executing GET /chrome-for-testing/known-good-versions-with-downloads.json HTTP/1.1
11:38:47.704 [main] DEBUG org.apache.hc.client5.http.protocol.RequestAddCookies -- ex-0000000002 Cookie spec selected: strict
11:38:47.704 [main] DEBUG org.apache.hc.client5.http.impl.classic.InternalHttpClient -- ep-0000000002 start execution ex-0000000002
11:38:47.704 [main] DEBUG org.apache.hc.client5.http.impl.io.PoolingHttpClientConnectionManager -- ep-0000000002 executing exchange ex-0000000002 over http-outgoing-1
11:38:47.704 [main] DEBUG org.apache.hc.client5.http.headers -- http-outgoing-1 >> GET /chrome-for-testing/known-good-versions-with-downloads.json HTTP/1.1
11:38:47.704 [main] DEBUG org.apache.hc.client5.http.headers -- http-outgoing-1 >> user-agent: Apache-HttpClient/5.0
11:38:47.704 [main] DEBUG org.apache.hc.client5.http.headers -- http-outgoing-1 >> accept-encoding: gzip, deflate, br
11:38:47.704 [main] DEBUG org.apache.hc.client5.http.headers -- http-outgoing-1 >> cache-control: max-age=0
11:38:47.704 [main] DEBUG org.apache.hc.client5.http.headers -- http-outgoing-1 >> connection: keep-alive
11:38:47.704 [main] DEBUG org.apache.hc.client5.http.headers -- http-outgoing-1 >> Host: googlechromelabs.github.io
11:38:47.704 [main] DEBUG org.apache.hc.client5.http.wire -- http-outgoing-1 >> "GET /chrome-for-testing/known-good-versions-with-downloads.json HTTP/1.1[\r][\n]"
11:38:47.704 [main] DEBUG org.apache.hc.client5.http.wire -- http-outgoing-1 >> "user-agent: Apache-HttpClient/5.0[\r][\n]"
11:38:47.704 [main] DEBUG org.apache.hc.client5.http.wire -- http-outgoing-1 >> "accept-encoding: gzip, deflate, br[\r][\n]"
11:38:47.704 [main] DEBUG org.apache.hc.client5.http.wire -- http-outgoing-1 >> "cache-control: max-age=0[\r][\n]"
11:38:47.704 [main] DEBUG org.apache.hc.client5.http.wire -- http-outgoing-1 >> "connection: keep-alive[\r][\n]"
11:38:47.704 [main] DEBUG org.apache.hc.client5.http.wire -- http-outgoing-1 >> "Host: googlechromelabs.github.io[\r][\n]"
11:38:47.704 [main] DEBUG org.apache.hc.client5.http.wire -- http-outgoing-1 >> "[\r][\n]"
11:38:47.731 [main] DEBUG org.apache.hc.client5.http.wire -- http-outgoing-1 << "HTTP/1.1 200 OK[\r][\n]"
11:38:47.731 [main] DEBUG org.apache.hc.client5.http.wire -- http-outgoing-1 << "Connection: keep-alive[\r][\n]"
11:38:47.731 [main] DEBUG org.apache.hc.client5.http.wire -- http-outgoing-1 << "Content-Length: 29416[\r][\n]"
11:38:47.731 [main] DEBUG org.apache.hc.client5.http.wire -- http-outgoing-1 << "Server: GitHub.com[\r][\n]"
11:38:47.731 [main] DEBUG org.apache.hc.client5.http.wire -- http-outgoing-1 << "Content-Type: application/json; charset=utf-8[\r][\n]"
11:38:47.731 [main] DEBUG org.apache.hc.client5.http.wire -- http-outgoing-1 << "permissions-policy: interest-cohort=()[\r][\n]"
11:38:47.731 [main] DEBUG org.apache.hc.client5.http.wire -- http-outgoing-1 << "x-origin-cache: HIT[\r][\n]"
11:38:47.731 [main] DEBUG org.apache.hc.client5.http.wire -- http-outgoing-1 << "Last-Modified: Mon, 26 Feb 2024 14:09:45 GMT[\r][\n]"
11:38:47.732 [main] DEBUG org.apache.hc.client5.http.wire -- http-outgoing-1 << "Access-Control-Allow-Origin: *[\r][\n]"
11:38:47.732 [main] DEBUG org.apache.hc.client5.http.wire -- http-outgoing-1 << "Strict-Transport-Security: max-age=31556952[\r][\n]"
11:38:47.732 [main] DEBUG org.apache.hc.client5.http.wire -- http-outgoing-1 << "ETag: W/"65dc9ba9-d95d8"[\r][\n]"
11:38:47.732 [main] DEBUG org.apache.hc.client5.http.wire -- http-outgoing-1 << "expires: Mon, 26 Feb 2024 14:22:48 GMT[\r][\n]"
11:38:47.732 [main] DEBUG org.apache.hc.client5.http.wire -- http-outgoing-1 << "Cache-Control: max-age=600[\r][\n]"
11:38:47.732 [main] DEBUG org.apache.hc.client5.http.wire -- http-outgoing-1 << "Content-Encoding: gzip[\r][\n]"
11:38:47.732 [main] DEBUG org.apache.hc.client5.http.wire -- http-outgoing-1 << "x-proxy-cache: HIT[\r][\n]"
11:38:47.732 [main] DEBUG org.apache.hc.client5.http.wire -- http-outgoing-1 << "X-GitHub-Request-Id: ADE8:140B4E:16166DA:16DDDD6:65DC9C5F[\r][\n]"
11:38:47.732 [main] DEBUG org.apache.hc.client5.http.wire -- http-outgoing-1 << "Accept-Ranges: bytes[\r][\n]"
11:38:47.732 [main] DEBUG org.apache.hc.client5.http.wire -- http-outgoing-1 << "Date: Mon, 26 Feb 2024 14:38:47 GMT[\r][\n]"
11:38:47.732 [main] DEBUG org.apache.hc.client5.http.wire -- http-outgoing-1 << "Via: 1.1 varnish[\r][\n]"
11:38:47.732 [main] DEBUG org.apache.hc.client5.http.wire -- http-outgoing-1 << "Age: 257[\r][\n]"
11:38:47.732 [main] DEBUG org.apache.hc.client5.http.wire -- http-outgoing-1 << "X-Served-By: cache-eze2230064-EZE[\r][\n]"
11:38:47.732 [main] DEBUG org.apache.hc.client5.http.wire -- http-outgoing-1 << "X-Cache: HIT[\r][\n]"
11:38:47.732 [main] DEBUG org.apache.hc.client5.http.wire -- http-outgoing-1 << "X-Cache-Hits: 1[\r][\n]"
11:38:47.732 [main] DEBUG org.apache.hc.client5.http.wire -- http-outgoing-1 << "X-Timer: S1708958328.718843,VS0,VE1[\r][\n]"
11:38:47.732 [main] DEBUG org.apache.hc.client5.http.wire -- http-outgoing-1 << "Vary: Accept-Encoding[\r][\n]"
11:38:47.732 [main] DEBUG org.apache.hc.client5.http.wire -- http-outgoing-1 << "X-Fastly-Request-ID: e6da98fae317d9754b2e8b43fc2e5cfbdbd016f4[\r][\n]"
11:38:47.732 [main] DEBUG org.apache.hc.client5.http.wire -- http-outgoing-1 << "[\r][\n]"
11:38:47.732 [main] DEBUG org.apache.hc.client5.http.headers -- http-outgoing-1 << HTTP/1.1 200 OK
11:38:47.732 [main] DEBUG org.apache.hc.client5.http.headers -- http-outgoing-1 << Connection: keep-alive
11:38:47.733 [main] DEBUG org.apache.hc.client5.http.headers -- http-outgoing-1 << Content-Length: 29416
11:38:47.733 [main] DEBUG org.apache.hc.client5.http.headers -- http-outgoing-1 << Server: GitHub.com
11:38:47.733 [main] DEBUG org.apache.hc.client5.http.headers -- http-outgoing-1 << Content-Type: application/json; charset=utf-8
11:38:47.733 [main] DEBUG org.apache.hc.client5.http.headers -- http-outgoing-1 << permissions-policy: interest-cohort=()
11:38:47.733 [main] DEBUG org.apache.hc.client5.http.headers -- http-outgoing-1 << x-origin-cache: HIT
11:38:47.733 [main] DEBUG org.apache.hc.client5.http.headers -- http-outgoing-1 << Last-Modified: Mon, 26 Feb 2024 14:09:45 GMT
11:38:47.733 [main] DEBUG org.apache.hc.client5.http.headers -- http-outgoing-1 << Access-Control-Allow-Origin: *
11:38:47.733 [main] DEBUG org.apache.hc.client5.http.headers -- http-outgoing-1 << Strict-Transport-Security: max-age=31556952
11:38:47.733 [main] DEBUG org.apache.hc.client5.http.headers -- http-outgoing-1 << ETag: W/"65dc9ba9-d95d8"
11:38:47.733 [main] DEBUG org.apache.hc.client5.http.headers -- http-outgoing-1 << expires: Mon, 26 Feb 2024 14:22:48 GMT
11:38:47.733 [main] DEBUG org.apache.hc.client5.http.headers -- http-outgoing-1 << Cache-Control: max-age=600
11:38:47.733 [main] DEBUG org.apache.hc.client5.http.headers -- http-outgoing-1 << Content-Encoding: gzip
11:38:47.733 [main] DEBUG org.apache.hc.client5.http.headers -- http-outgoing-1 << x-proxy-cache: HIT
11:38:47.733 [main] DEBUG org.apache.hc.client5.http.headers -- http-outgoing-1 << X-GitHub-Request-Id: ADE8:140B4E:16166DA:16DDDD6:65DC9C5F
11:38:47.733 [main] DEBUG org.apache.hc.client5.http.headers -- http-outgoing-1 << Accept-Ranges: bytes
11:38:47.733 [main] DEBUG org.apache.hc.client5.http.headers -- http-outgoing-1 << Date: Mon, 26 Feb 2024 14:38:47 GMT
11:38:47.733 [main] DEBUG org.apache.hc.client5.http.headers -- http-outgoing-1 << Via: 1.1 varnish
11:38:47.733 [main] DEBUG org.apache.hc.client5.http.headers -- http-outgoing-1 << Age: 257
11:38:47.733 [main] DEBUG org.apache.hc.client5.http.headers -- http-outgoing-1 << X-Served-By: cache-eze2230064-EZE
11:38:47.733 [main] DEBUG org.apache.hc.client5.http.headers -- http-outgoing-1 << X-Cache: HIT
11:38:47.733 [main] DEBUG org.apache.hc.client5.http.headers -- http-outgoing-1 << X-Cache-Hits: 1
11:38:47.733 [main] DEBUG org.apache.hc.client5.http.headers -- http-outgoing-1 << X-Timer: S1708958328.718843,VS0,VE1
11:38:47.733 [main] DEBUG org.apache.hc.client5.http.headers -- http-outgoing-1 << Vary: Accept-Encoding
11:38:47.733 [main] DEBUG org.apache.hc.client5.http.headers -- http-outgoing-1 << X-Fastly-Request-ID: e6da98fae317d9754b2e8b43fc2e5cfbdbd016f4
11:38:47.733 [main] DEBUG org.apache.hc.client5.http.impl.classic.MainClientExec -- ex-0000000002 connection can be kept alive for 3 MINUTES
11:38:47.735 [main] DEBUG org.apache.hc.client5.http.wire -- http-outgoing-1 << "[0x1f][0xffffff8b][0x8][0x0][0x0][0x0][0x0][0x0][0x0][0x3][0xffffffcd][0xffffffbd][0xffffffcd][0xffffff8e],[0xffffffcb]uf9[0xffffffef][0xffffffc7][0xffffffe0][0xffffffb8]x[0x15]n[0xffffffe6][0xfffffff6][0xffffffa7][0xffffffe7][0xffffffe8]Q7j[0xffffffc0][0xffffff96][0xffffffd8][0x12][0x1]J[0x14]HUU[0xffffffa3][0xb][0xfffffff5][0xffffffee][0x1d][0x19][0xffffff99][0xffffffe7]d^[0xffffffdb]_[0xffffff9c][0xffffffbe][0xffffffe1][0xffffff87][0xffffffd8][0xffffffeb][0x1b][0x14][\n]"
11:38:47.735 [main] DEBUG org.apache.hc.client5.http.wire -- http-outgoing-1 << "R)[0xffffff8f]{[0x9][0xb][0xb][0xffffff8b][0x1e][0xffffffb6][0xffffffb7][0xfffffffd][0xffffffcf][0xffffffdf][0xfffffffd][0xffffffe7][0xffffff9f][0xfffffffe][0xffffffed][0xffffff8f][0x7f][0xfffffffb][0xffffffcf]?[0xfffffffc][0xffffffdb][0x7f][0xfffffffc][0xffffffee][0x1f][0x7f]Wn[0xffffffe5][0xfffffffc][0xfffffffd][0xffffffad][0xfffffffc][0xffffffbe][0xffffff94][0xffffffff][0xffffffbd][0x1c][0xffffffff]x[0xffffff9b][0xffffffff][0xffffffd8][0xffffffe6]/[0xffffffb7]9[0xffffffff][0xffffff8f][0xffffffdf][0xfffffffd][0xffffff97][0xffffffdf][0xfffffffd][0xfffffff7]?[0xfffffffe][0xfffffff5]o[0x7f][0xfffffffa][0xffffffcb][0xffffffbf][0xffffffff][0xffffffed]w[0xffffffff][0xfffffff8][0x7f][0xfffffffe][0xffffffcf]o[0xffffffff][0xffffffc5][0xfffffffd]/[0xffffff8e][0xffffffa3][0xfffffffe]r[0xfffffffb][0xffffffa5][0xfffffff5]Q~[0xffffffb9][0xffffffdd][0xffffffff][0xffffffa7][0xfffffffe][0xfffffffa][0xffffffc7][0xffffffff][0xfffffffe][0xffffffa7][0xffffffef][0xffffffff]/[0xffffffe5]8[[0xffffffbb][0xffffffff]7[0xffffffff][0xfffffff9]/[0xffffffff][0xffffffe3][0xffffffdf][0xffffffff][0xfffffffc][0xffffff97]?[0xfffffffc][0xfffffff3][0xfffffffd]o[0xffffffff][0xffffffe7][0xffffffef][0xfffffffe][0xffffffe9]_[0xffffffff][0xfffffffa][0xffffff97][0x7f][0xfffffffb][0xffffffe3][0xffffffe3]_[0xfffffff9][0xffffff8f]?[0xffffffff][0xffffffe1]?[0xffffffff][0xffffffef][0xffffffbf][0xfffffffc][0xfffffff5][0xffffffdf][0xffffffee][0xffffffff][0xffffffc3][0x7f][0xfffffffe][0xffffffd3][0xffffffbf][0xffffffff][0xffffffb7][0xffffffff][0xffffffa7][0xffffff9f][0xfffffff7][0xffffffff][0xffffffe1][0xffffffff][0xfffffff6][0xffffffd7]?[0xffffffdf][0xffffffff][0xffffffeb][0x7f][0xfffffffd][0xffffffcf][0xffffffff][0xfffffffc][0xffffff8f][0xffffffbf][0xfffffffd][0xffffffe3]?[0xfffffffc][0xffffffc3][0xffffffdf][0xfffffffe][0xfffffff3]/[0x7f][0xfffffffd][0xffffffc3][0xffffffbf][0xfffffffc][0xfffffff1][0xffffff97][0x7f][0xfffffff9][0xffffffcb]_[0xfffffffe][0xffffffe5][0xffffffcf][0x7f][0xfffffffc][0xffffffc3][0x7f][0xfffffffc][0xffffffe9]o[0xffffffbf][0xfffffffc][0xffffffd3]_[0xfffffffe][0xffffffed][0x1f][0xffffffde][0xffffffff][0xffffff91][0xffffffdf][0xffffffdf][0xffffffff][0xfffffff8][0xfffffff7][0xffffffff]y[0x7f][0xfffffff9]?[0xfffffffd][0xfffffffb][0xffffffbf][0xfffffffc][0xfffffffe]?[0xfffffffe][0xffffffdb][0xffffffff][0xfffffff5][0xffffffe7]?[0xfffffffd][0xffffffd3]?|}[0xffffff9f][0x7f][0xfffffff8][0xfffffff8]W[0xffffffbf][0xfffffffd][0xffffff8f][0x7f][0xfffffffc][0xffffff97][0xffffffbf][0xfffffffc][0xffffffbf][0x7f][0xfffffffa][0xffffff8f][0xffffffdf][0xfffffffd][0xffffffaf][0xffffffff][0xfffffff2][0xffffffab][0xffffffe7][0xffffffff][0xffffffdb][0x1f][0xfffffffe][0xffffffe9][0xfffffff7][0x7f][0xfffffff8][0xffffffeb][0xffffffbf][0xfffffffd][0xffffffdd][0xffffffdf][0xffffffe0][0xfffffffb][0xffffffbf][0xfffffffb][0xffffffed][0xf][0xffffffbe][0xffffffff]7[0xffffff9e][0xffffffbd][0xffffffc5][0xffffffdf][0xffffffff][0x7f][0xb][0x1f][0xffffffff][0xffffffea][0xffffffd7]7x[0xfffffff2][0xffffffbf][0xffffff85][0xffffffff][0xfffffff1][0xffffffa7][0x7f][0xffffffaf][0xffffffe5][0xffffffef][0xfffffffc][0xfffffff4][0xffffffc7][0xffffffbf][0xfffffff9][0xffffffed][0x7f][0xfffffff8][0xfffffff1]_<y[0xfffffff2][0xffffffdf][0xfffffffd][0xffffffff][0xffffffdf][0xffffff8f][0x7f][0xfffffff3][0xffffffcb][0xffffff93][0xffffffbf][0xfffffffd][0xffffffff][0xfffffff9][0xffffffbf][0xfffffffe][0xffffffaf][0xffffffb7][0xffffff87]K[0xffffff84]k3c[0xffffffb8]6[0x1c][0xffffffe2][0xfffffffb]+[0xfffffff0][0x14][0x7f][0xffffffbc][0x4][0xffffff85][0xfffffff1][0xfffffffd][0xfffffff1][0x14][0xffffffc7][0xffffffef][0xffffff8f]~[0x15][0xffffffe4]^[0xffffffcd]@[0xffffffee][0x15][0x7][0xfffffff9][0xfffffffe][\n]"
11:38:47.735 [main] DEBUG org.apache.hc.client5.http.wire -- http-outgoing-1 << "<[0xffffffc8][0x1f]/A[0xffffff81]|[0x7f]<[0x5][0xfffffff2][0xfffffffb][0xffffffa3][0x7f]#[0xffffffc8][0xffffffe7][0xffffffe3][0xffffffaf]V[0x17]Q[0xffffffd1]K_[0xffffffe9][0x1c][0x7f][0xffffffbe][0xf][0xffffff85][0xfffffff1][0xffffff97]7[0xffffffc0]([0xffffffde][0xffffffde]![0x19][0xffffffe2]/OOf[0xfffffff8][0xffffffd7]O~[0x5][0xffffffe1]q[0xffffff9b][0x2][0xffffffe1]Y[0xffffffdb][0xffffffc1] [0xfffffffc]x[0x1f][0x14][0xffffffe1][0xfffffff7]7`[0x11][0xfffffffe]|[0x7][0x2][0xffffffe1][0xfffffff7][0xffffffa7][0x13][0x8][0x7f][0x7f][0xfffffff2]k[0x8]/[0xffffff85]p;O[\n]"
11:38:47.735 [main] DEBUG org.apache.hc.client5.http.wire -- http-outgoing-1 << "[0xffffffe1][0xffffff85]#[0xffffffbc][0xc][0x10]^([0xffffffc2][0xb]Cx]@[0xfffffff8][0xffffffb8])[0xffffff84]g[0xffffff9d][0x10][0xffffffc2]o[0xffffffef][0xffffffc3]"[0xfffffffc]x[0x3][0x18][0xffffffe1][0xffffffef][0xffffffef][0xffffff80] [0xfffffffc]x:[0xffffff82][0xfffffff0][0xffffffb7]'[0xffffffbf][0xffffff86][0xfffffff0][0xfffffff1]K[0xfffffffc][0xffffffcf]t[0xffffffeb][0xffffffe8]7[\n]"
11:38:47.735 [main] DEBUG org.apache.hc.client5.http.wire -- http-outgoing-1 << "[0xffffffe1][0xfffffffb][0xfffffffb][0xffffffc0][0x8][0xffffffbf][0xffffffbd][0x1][0xffffff8d][0xfffffff0][0xffffffb7]w`[0x10]~{:[0xffffff83][0xfffffff0][0xffffffc7][0xffffff93]_C[0xffffffb8][\n]"
11:38:47.735 [main] DEBUG org.apache.hc.client5.http.wire -- http-outgoing-1 << "[0xb][0xffffffaf][0xffffffd1][0xffffffa9][0xffffff90]x{[0x1f][0x18][0xffffffe1]j`[0xffffffe1][0xffffff8a]Z[0xffffffb8]b[0x16][0xffffffae]W,[0xffffffdc]"[0xffffffc2][0xfffffff5]Vg[0xffffffa5][0x10]n8[0xffffffc2][0xffffffcd][0x0][0xffffffe1][0xffffff86]"[0xffffffdc]0[0xffffff84][0xffffffdb][0x15][0xffffff84][0xffffffc5][0x17][0xffffff89]z[0x14][0xffffffe0][0xffffffe3][0xfffffff0][0xffffffe7][0xfffffffb][0xffffffc0][0x8][0x1b]|[0xffffff91]8[0xffffffd0]/[0x12][0x7][0xfffffff6]E[0xffffffe2][0xffffffb8][0xfffffff2]E[0xffffffa2][0xffffffdc]~9#[0xffffffc2][0xfffffff3][0xffffffd6]![0xffffff84][0xffffffdf][0xffffffde][0xffffff87]E[0xfffffff8][0xfffffff1][0x6]0[0xffffffc2][0xffffffdf][0xffffffdf][0x1]A[0xfffffff8][0xfffffff1]t[0x4][0xffffffe1]oO~[\r]aq^[0xffffffa2][0xffffff96][0xffffff93]C[0x18]</[0xfffffff1][0xffffffe5][\r]h[0xffffff84][0xffffffa1][0xfffffff3][0x12]_[0xffffff9e][0xffffffce] [0xfffffffc][0xffffffda]y[0xffffff89][0xffffff8f]?:[0x5][0xffffffc2][0xfffffff5]vP_$[0xffffffde][0xffffffde][0x7]F[0xfffffff8]4@[0xfffffff8]D[0x11]>1[0xffffff84][0xffffffcf]+[0x8][0xffffffab][0x16]>[0xffffffcb]A[0xfffffffd]:W[0xfffffff0][0x16].[0x6]-\[0xffffffd0][0x16].X[0xb][0xffffff97]+-\UH[0xffffff9c][0xffffffe7]*[0x10][0xffffffc2][0x15][0xf][0xffffff89]j[0x10][0x12][0x15][\r][0xffffff89][0xffffff8a][0xffffff85]D[0xffffffbd][0x12][0x12]U|[0x17][0xffffffae][0xffffffe7][0x1c][0xffffffd4][0x17][0xffffff89][0xffffff8a][0x7f][0x17][0xffffffae][0x6][0xffffffdf][0xffffff85]+[0xfffffffa]][0xffffffb8]b[0xffffffdf][0xffffff85][0xffffffeb][0xffffff95][0xffffffef][0xffffffc2]U[0xffffffb5]p;n[0x18][0xffffffc2]x[0xb]W[0xffffff83][0x16][0xfffffffe][0xfffffffe][0xe][0xc][0xffffffc2]X[0xb][0x7f]{[0xfffffff2]k[0x8][0xffffffab][0xffffff9f]6Z[0x1b][0xffffffd4][0x7f][0xffffff9c][0xffffffab][0xfffffff8]O[0x1b][0xffffffd5][0xffffffe0][0xffffffa7][0xffffff8d][0xffffff8a][0xfffffffe][0xffffffb4]Q[0xffffffb1][0xffffff9f]6[0xffffffea][0xffffff95][0xffffff9f]6[0xffffffee][0x7f]T[0xffffffcc][0x10].8[0xffffffc2][0xffffffc5][0x0][0xffffffe1][0xffffff82]"\0[0xffffff84][0xffffffcb][0x15][0xffffff84][0xffffffc3]1[0x1f][0x18]a[0xfffffff8][0xffffff98][0xffffffcf][0xffffffe3][\r]x[0xffffff84][0xffffffc1]c>[0xffffff8f][0xffffffa7]S[0x8][0xffffffbf]~[0xffffffcc][0xffffffe7][0xfffffffe]G[0xffffffdd][0xc][0xffffffe1][0xffffff8e]#[0xffffffdc][\r][0x10][0xffffffee]([0xffffffc2][0x1d]C[0xffffffb8]_A[0xfffffff8]pc[0xfffffff8][0xffffffe0]!>[0x1c](>X[0xffffff8c][0xf][0xffffff8e][0xffffffe3][0xffffffe3][0x12][0xffffffc8][0xffffffc5][\r][0xffffffe4][0xffffffc2][0xffffff83]\[0x1c]@.,[0xffffffc8][0xffffff85][0x3][0xffffffb9]\[0x2]9[0xe][0xffffffe7][0xffffffc3] s[0xffffffc3][0xfffffff9]__[0xffffff81][0x7][0xffffff99][0x19][0xffffffce][0xffffffff][0xfffffffa]x[\n]"
11:38:47.735 [main] DEBUG org.apache.hc.client5.http.wire -- http-outgoing-1 << "[0xffffffe4][0xffffff97][0xffffff86][0xfffffff3][0xffffffbf][0xffffffff][0xffffffd5][0xffffffe9][0x6][0xfffffff2][0xffffffc9][0xffffff83]|:[0xffffff80]|[0xffffffb2] [0xffffff9f][0x1c][0xffffffc8][0xffffffe7]%[0xffffff90][0xffffff97][0xffffffdb][0x7][0xffffffe3][0xffffffc5][0x7f]1[0xffffffbe][0xffffffbf][0x2][0xf][0xfffffff2][0xffffffc7]KP /[0xffffffee][0xffffffa3][0xfffffff1][0xffffffba][0xfffffff4][0xffffffd5][0xfffffff8][0xffffffa8]n[0x1f][0xffffffdd][0xffffffee]o[0xffffff84][0xffffffa3][0xfffffffc][0xfffffff6][0xe]<[0xffffffcb][0xffffffdf][0xffffffde][0xffffff82][0xffffff82][0xfffffff9][0xffffffed][0xfffffff9][0x14][0xffffffcd][0x1f][0xffffffcf][0xfffffffe][0xffffff8d]8[0xffffffb7][0xfffffff7]?[0x13][0xffffffe3][0xfffffffa]u[0xffffffdc]z[0xfffffffe][0xffffff81][0xffffffa0][0xffffffcf][0xfffffff7][0xffffffa1]P[0xfffffffe][0xfffffff2][0x6][0x18][0xffffffc8][0xffffffdb];$c[0xfffffffc][0xffffffe5][0xffffffe9][0xffffffc9][0x10][0xffffffff][0xfffffffa][0xffffffc9]/!|[0xffffff8a]q[0xfffffffd]:[0xffffffea][0xffffffcc]?[0xffffff96][0xfffffff9][0xfffffff9]>,[0xffffffc2]':[0xffffffae][0xffffffbf][0xffffffbd][0x3][0xffffff82][0xfffffff0][0x9][0xffffff8c][0xffffffeb][0xffffffff][0xfffffffa][0xffffffc9][0xffffffaf]!|([0xffffff84][0xffffffdb][0xffffff99][0xffffff9f][0x14][0xffffff9f][0xffffffef][0x3]#|[0x18] |[0xffffffa0][0x8][0x1f][0x18][0xffffffc2][0xffffffc7][0x15][0xffffff84][0xffffffd5][0xffffffc9][0xffffffe2][0xffffffd1][0xffffffd6][0xffffffa0][0x10][0x6]O[0x16][0x7f]y[0x3][0x1a]a[0xffffffe8]d[0xfffffff1][0xffffff97][0xffffffa7]3[0x8][0xffffffbf]v[0xffffffb2][0xfffffff8][0xffffffe3][0xffffff8f][0xffffffd4][0xffffffc9][0xffffffe2][0xffffffd1][0xffffffcf][0xfffffffc][0x5][0xffffff82][0xffffff9f][0xffffffef][0x3]#[0xffffff8c][0xffffff9e],[0xffffffde][0xffffffde][0xffffff81]A[0x18]8Y[0xfffffffc][0xffffffeb]'[0xffffffbf][0xffffff86][0xfffffff0])[0x11]^[0xfffffff9][0x1b]'>[0xffffffdf][0x7]F[0xfffffff8]4@[0xfffffff8]D[0x11]>1[0xffffff84][0xffffffcf]+[0x8][0xf][0xffffff81][0xfffffff0],[0x5][0xb][0xffffff89][0xffffff81]#<[0xc][0x10][0x1e]([0xffffffc2][0x3]Cx\AX}T[0xffffff9b][0xffffffb3]a[0x16][0xffffffc6]?[0xffffffaa][0xffffff9d][0x6][0x1f][0xffffffd5]N[0xfffffff4][0xffffffa3][0xffffffda][0xffffff89]}T;[0xffffffaf]|Tk[0xffffffea][0xffffffa3][0xffffffda]*[0x7][0xffffff85]p[0xffffffc3]?[0xffffffaa]5[0xffffff83][0xffffff8f]j[\r][0xfffffffd][0xffffffa8][0xffffffd6][0xffffffb0][0xffffff8f]j[0xffffffed][0xffffffca]G[0xffffffb5][0xffffffa6]>[0xffffffaa][0xffffffad][0xffffffb3]P[0x1f][0xffffffd5][0x1a][0xfffffffe]Q[0xffffffad][0x19]|Tk[0xffffffe8]G[0xffffffb5][0xffffff86]}TkW>[0xffffffaa][0xffffffdd][0xffffffff]([0xffffff8e]([0xffffffb1][0x8]c#J_[0xffffffde][0xffffff80]G[0x18][0x19]Q[0xfffffffa][0xfffffff2]t[\n]"
11:38:47.735 [main] DEBUG org.apache.hc.client5.http.wire -- http-outgoing-1 << "[0xffffffe1]WF[0xffffff94]>[0xfffffffe][0xffffffa8]([0xffffff84][0xffffffef]]M!\p[0xffffff84][0xffffff8b]"
11:38:47.736 [main] DEBUG org.apache.hc.client5.http.wire -- http-outgoing-1 << "[0x1][0xffffffc2][0x5]E[0xffffffb8]`[0x8][0xffffff97]+[0x8][0xffffff8b][0xffffffef][0xffffffc2][0xffffffe7][0xffffffed]V[0xfffffff2][0xffffffb7][0xffffffaf]}[0xffffffbe][0xf][0xffffff8c][0xffffffb0][0xffffffc1]w[0xffffffe1][0xffffff86]~[0x17]n[0xffffffd8]w[0xffffffe1]v[0xffffffe5][0xffffffbb]pk[\n]"
11:38:47.736 [main] DEBUG org.apache.hc.client5.http.wire -- http-outgoing-1 << "[0xffffffe1][0x6]l[0xffffff9c][0xfffffff8]|[0x1f][0x18][0xffffffe1]f[0xffffff80]pC[0x11]n[0x18][0xffffffc2][0xffffffed][\n]"
11:38:47.736 [main] DEBUG org.apache.hc.client5.http.wire -- http-outgoing-1 << "[0xffffffc2][0xffffffe2]z[0xffffffaf];[0xffffffc2][0xffffffd8]I[0xffffffb5][0x6]^[0xffffffef][0xfffffff5][0xffffffe5][\r]h[0xffffff84][0xffffffa1][0xffffffeb][0xffffffbd][0xffffffbe]<[0xffffff9d]A[0xfffffff8][0xffffffb5][0xffffffeb][0xffffffbd]>[0xfffffffe]H[0xfffffffc][0xffffffb4]q[0xffffffde]:ga[0xfffffffc][0xffffffa7][0xffffff8d]f[0xfffffff0][0xffffffd3]FC[0x7f][0xffffffda]h[0xffffffd8]O[0x1b][0xffffffed][0xffffffca]O[0x1b]M[0xffffffec][0xffffffc0][0xffffffbc]#[0xc]\,[0xfffffff3][0xfffffff9]>0[0xffffffc2][0xffffffe8][0xe][0xffffffcc][0xffffffed][0x1d][0x18][0xffffff84][0xffffff81][0x1d][0xffffff98][0xffffffbf]~[0xfffffff2]k[0x8][0xffffff8b]_[0xffffffe7][0xffffffce][0xffffffdb][0x18][0xffffffd4]y[0xffffffe1][0xffffff86][0xffffffff]:[0xffffffd7][0xc]~[0xffffff9d]k[0xffffffe8][0xffffffaf]s[\r][0xfffffffb]u[0xffffffae]][0xfffffff9]u[0xffffffae][0xffffff8b][0xffffff9f]6N[0xffffffe4]V[0xffffff8e][0xffffffcf][0xfffffff7]a[0x11][0xffffffee][0x6]?mt[0xfffffff4][0xffffffa7][0xffffff8d][0xffffff8e][0xfffffffd][0xffffffb4][0xffffffd1][0xffffffaf][0xfffffffc][0xffffffb4][0xffffffd1][0xffffffc5]y[0xffffffe1][0xfffffff3][0xffffffe8][0xffffff95][0xfffffffa][0xffffffa8][0xffffffd6][0xfffffff1][0xfffffff3][0xffffffc2][0xffffffdd][0xffffffe0][0xffffffbc]pG[0xffffffcf][0xb]w[0xffffffec][0xffffffbc]p[0xffffffbf]r^[0xfffffff8][0xfffffffe]G[0xffffffa7][0x19][0xffffffc2][0xffffffd8][0xffffffc5]2_[0xffffffde][0xffffff80]G[0x18][0xffffffb9]X[0xffffffe6][0xffffffcb][0xffffffd3])[0xffffff84]_[0xffffffb9]X[0xffffffe6][0xffffffe3][0xffffff8f][0xffffffd4]O[0x1b][0xffffffc7][0xffffffea]T[0xb]w[0xfffffffc][0xffffffa7][0xffffff8d]n[0xfffffff0][0xffffffd3]FG[0x7f][0xffffffda][0xffffffe8][0xffffffd8]O[0x1b][0xfffffffd][0xffffff87]?m[0xfffffffc][0xffffff97][0xf][0x8][0xffffffff][0xfffffff9][0xffffffaf][0x7f][0xffffffba][0xffffff83]L[0xffffffa0][0xfffffff8][0xfffffffe]d[0x7] ?[0xffffffde][0x4][0xffffffc7][0xfffffff2][0xffffffcb]{@p~[0xffffffbc][0x1][0xffffff86][0xffffffe8][0xffffffe7][0xfffffff3][0xffffffff][0x7f]][0xffffffdb][0xffffff84]kK[0x7][0xffffffae][0x15][0xffffffff]|[0x1f][0xffffffd8][0xffffffb5][0xffffffcd][0xffffffc0][0xffffffb5]-@[0xffffff9d][0xffffff89]s[0xffffffc3]\[0xffffffdb][0xffffff9c]\[0x1b]Qd\[0xffffffab][0xffffff80]d\[0x1b][0xffffffb1][0xffffffcc]w[0xffffffed][0xe]g[0xffffffb6]kwD_p[0xffffffad][0xfffffffa][0xffffffa5][0xffffffad][0x1e][0x13]s-[0xfffffffe]K[7[0xfffffff8][0xffffffa5][0xffffffad][0xffffffa3][0xffffffbf][0xffffffb4]u[0xffffffec][0xffffff97][0xffffffb6][0xfffffffe][0xffffffc3]_[0xffffffda][0xffffffb2]][0x1b]Qd\[0xffffffab][0xffffff80]d\[0x1b][0xffffffb1][0xffffffcc]w[0xffffffed][0xe]g[0xffffffb6]kwD_p[0xffffffad][0xfffffffa]I[0xffffffb8][0xffffffb6][0xffffff8a][0xfffffffd][0x18][0xffffff81][0xffffffff]$[0xffffffdc][\r]~[0x12][0xffffffee][0xffffffe8]O[0xffffffc2][0x1d][0xfffffffb]I[0xffffffb8][0xffffffff][0xfffffff0]'[0xffffffe1]l[0xffffffd7]F[0x14][0x19][0xffffffd7]* [0x19][0xffffffd7]F,[0xfffffff3]][0xffffffbb][0xffffffc3][0xffffff99][0xffffffed][0xffffffda][0x1d][0xffffffd1][0x17]\[0xffffffab][0xffffffce].[0xffffffd4][0xffffffde][0xffffffa8][0x15]%[0x1d]?[0xffffffbb][0xffffffd0][\r][0xffffffce].t[0xfffffff4][0xffffffec]B[0xffffffc7][0xffffffce].[0xfffffff4][0x1f][0xffffff9e]][0xffffffc8]vmD[0xffffff91]q[0xffffffad][0x2][0xffffff92]qm[0xffffffc4]2[0xffffffdf][0xffffffb5];[0xffffff9c][0xffffffd9][0xffffffae][0xffffffdd][0x11][0xfffffffd][0xffffffed][0xffffffae][0x1d]b[0x4][0xfffffffe][0xffffffac][0xffffffe3][0xffffffa0]&[0xffffffd7][0x6]>[0x2]?[0xc]F[0xffffffe0][0x7]:[0x2]?[0xffffffb0][0x11][0xfffffff8][0xfffffff1][0xffffffc3][0x11][0xfffffff8]d[0xffffffd7][\n]"
11:38:47.736 [main] DEBUG org.apache.hc.client5.http.wire -- http-outgoing-1 << "[0x14][0x11][0xffffffd7]J [0x11][0xffffffd7][\n]"
11:38:47.736 [main] DEBUG org.apache.hc.client5.http.wire -- http-outgoing-1 << ",[0xffffffd3]][0x1b][0xffffffe0]Lvm@[0xfffffff4][0x5][0xffffffd7][0xffffffaa][0x3][0xffffff8d][0xfffffff5]^[0xffffffca][0xffffff94]k[0xfffffff1][0x3][0xffffff8d][0xffffffc3][0xffffffe0]@[0xffffffe3]@[0xf]4[0xe][0xffffffec]@[0xffffffe3][0xfffffff8][0xffffffe1][0xffffff81][0xffffffc6]l[0xffffffd7]F[0x14][0x19][0xffffffd7]* [0x19][0xffffffd7]F,[0xfffffff3]][0xffffffbb][0xffffffc3][0xffffff99][0xffffffed][0xffffffda][0x1d][0xffffffd1][0x17]\[0xffffffab]N[0xffffffde][0xffffffd6]yP[0xffffffc7][0x16][0x7]~[0xfffffff2]v[0x18][0xffffff9c][0xffffffbc][0x1d][0xffffffe8][0xffffffc9][0xffffffdb][0xffffff81][0xffffff9d][0xffffffbc][0x1d]?<y[0xffffff9b][0xffffffed][0xffffffda][0xffffff88]"[0xffffffe3]Z[0x5]$[0xffffffe3][0xffffffda][0xffffff88]e[0xffffffbe]kw8[0xffffffb3]][0xffffffbb]#[0xfffffffa][0xffffff82]k[0xffffffd5][0xfffffff9][0xffffffda][0xffffffba][0xffffff80][0xffffffbb][0xffffff82]>[0xffffffdf][0x7]v[0xffffffad][0xffffffc1][0xfffffff9][0xffffffda][0x11][0xf]2f[0xffffffe2][0xffffff8c][0xffffff9d][0xffffffaf][0x1d][0xfffffffb][0xffffffe1]E[0xffffffd4][0xffffffb5]&[0xffffffe7]k%[0xffffff90][0xffffff8c]k[\r][0xffffffce][0xffffffd7][0x6]8[0xffffffb3]]{[0xfffffffd]|[0xffffffed][0xfffffffd]OO3[0xffffffd7][0xffffffc2][0xffffffe3]8[0xffffff8f]7[0xffffffe0]][0xb][0xffffff8e][0xffffffe3]<[0xffffff9e]N[0xffffffb9][0xfffffff6][0x7][0xffffffe3]8[0xfffffff9][0xffffffae][0xffffffdd]Q[0xffffffa4]\[0x1b][0xffffff81][0xffffffa4]\[0xffffffbb]cI[0xffffffb8][0xfffffff6][0xffffff84]]{^u[0xffffffad]Z[0xffffffc6]t.l=[0xfffffff4][0xffffffc0][0xffffff97]1[\r][0xffffff83]eL[0x3]][0xffffffc6]4[0xffffffb0]eL[0xffffffe3][0xffffff87][0xffffffcb][0xffffff98][0xffffffb2]][0x1b]Qd\[0xffffffab][0xffffff80]d\[0x1b][0xffffffb1][0xffffffcc]w[0xffffffed][0xe]g[0xffffffb6]kwD_p[0xffffffad][0xffffff9a]eh[0x5][0xffffffbb]Mb[0xffffffe0][0xffffffb3][0xc][0xffffffc3]`[0xffffff96]a[0xffffffc4]C[0xffffffe3][0xffffff99]8c[0xffffffb3][0xc]c?([0xffffff8e][0xffffffba][0xffffffd6]d[0xffffff96]A[0x2][0xffffffc9][0xffffffb8][0xffffffd6]`[0xffffff96]![0xffffffc0][0xffffff99][0xffffffed][0xffffffda][0xffffffeb][0xffffffb3][0xc]S[0xffffff9d]C[0xffffffe8]'v[0x5][0xffffffe0][0xffffffc4][0xffffffcf]!L[0xffffff83]s[0x8]3[0xfffffffe][0xffffffe0][0xffffff9b][0xffffff88][0xfffffff3][0xffffffc4][0xffffffce]![0xffffffcc][0xfffffffd]G^[0xffffffd2][0xffffffb5][0x2]E[0xffffffc4][0xffffffb5][0x12]H[0xffffffc4][0xffffffb5][0x2][0xffffffcb]t[0xffffffd7][0x6]8[0xffffff93]][0x1b][0x10]}[0xffffffc1][0xffffffb5]M[0xffffffb9]v[0xffffff95][0xffffff93]rm[0xffffffc3]][0xffffffdb][0xc]\[0xffffffdb][0x2][0xffffffd4][0xffffff99]87[0xffffffcc][0xffffffb5][0xffffffcd][0xffffffc9][0xffffffb5][0x11]E[0xffffffc6][0xffffffb5][\n]"
11:38:47.736 [main] DEBUG org.apache.hc.client5.http.wire -- http-outgoing-1 << "H[0xffffffc6][0xffffffb5][0x11][0xffffffcb]|[0xffffffd7][0xffffffee]pf[0xffffffbb]vG[0xfffffff4][0x5][0xffffffd7][0xffffffaa][0xffffffb9][0xffffffb1]q[0xffffffff][0x17])[0xffffffd7][0xffffffe2]sc[0xffffffd3]`nl[0xffffffc6][0x1][0xffffff9d]L[0xffffff9c][0xffffffb1][0xffffffb9][0xffffffb1][0xffffffb9][0xf][0xffffffe5][0xffffffa0][0xffffffae]5[0xffffff99][0x1b][0xffffff93]@2[0xffffffae]5[0xffffff98][0x1b][0xb]pf[0xffffffbb][0xfffffff6][0xfffffffa][0xffffffdc][0xffffffd8][0xffffffba][0xfffffffd]R[0xffffff83]k[0xffffffe7][0xfffffffd][0xffffffff]@[0xffffffae]}{[0x1f][0xffffffd6][0xffffffb5][0xffffff8f]7[0xffffff80]][0xfffffffb][0xfffffffd][0x1d][0x10][0xffffffd7]>[0xffffff9e][0xffffff8e][0xffffffb8][0xfffffff6][0xffffffdb][0xffffff93]-\+PD\+[0xffffff81]D\+[0xffffffb0]Lwm[0xffffff80]3[0xffffffd9][0xffffffb5][0x1][0xffffffd1][0xffffff97]\{[0xffffffb8][0xffffffc9][0xfffffff6][0xffffffe0]m{8[0xffffffe8][0xfffffff6]`}{p[0xffffffc2]=[0xffffffac][0xffffff8c][0x1b]x[0xffffffa4][0xffffff94]+[0xffffffa8][0xffffffa4][0xffffff9c][0x1b][0xffffffd8]$[0xffffffa4]{[0xffffffd0][0xffffffd6]=~B[0xffffffbb][0xffffff8f][0xffffffcf][0xffffffb4]N[0xffffffda]-[0xfffffff0]a[0xffffffdb][0xfffffff7]W[0xffffffe0][0xffffffb5][[0xffffffc0][0xffffffe3][0xffffffb6][0xffffffef][0xffffff8f][0xffffffa7][0xffffffb4][|[0xe][0xffffffdc]*[0x1e])[0xffffffed][\n]"
11:38:47.737 [main] DEBUG org.apache.hc.client5.http.wire -- http-outgoing-1 << "*)[0xffffffed][0x6]6[0x9][0xffffffed][0x16][0xfffffff4][0xffffffd0]m[0xffffffe4][0xfffffff4]%[0xffffffed][0xffffffb6]n[0xffffffa6][0xffffffdd][0xffffffd6]q[0xffffffed][0xffffffde]_[0xffffff81][0xffffffd7][0xffffffee][0xffffffc7]KP[0xffffffda][0xffffffbd]?[0xffffff9e][0xffffffd2][0xffffffee][0xfffffffb][0xffffffa3]][0xffffffb4][0x1b]x[0xffffffa4][0xffffffb4]+[0xffffffa8][0xffffffa4][0xffffffb4][0x1b][0xffffffd8]$[0xffffffb4][0xffffffbb][0x11][0xffffff9a][0xffffffaf][0xffffffdd][0xffffff8d][0xffffffd3][0xffffff97][0xffffffb4];[0xffffff9a][0xffffff99]vG[0xffffffc3][0xffffffb5]{[0x7f][0x5]^[0xffffffbb][0x1f]/Ai[0xfffffff7][0xfffffffe]xJ[0xffffffbb][0xffffffef][0xffffff8f]v[0xffffffd1]n[0xffffffe0][0xffffff91][0xffffffd2][0xffffffae][0xffffffa0][0xffffff92][0xffffffd2]n`[0xffffff93][0xffffffd0][0xffffffee]Fh[0xffffffbe]v7N_[0xffffffd2][0xffffffee][0xffffff8a][0xffffff87][0x16]X[0xffffffed].[0xfffffff8][0xffffffd4][0xffffffc2][0xfffffffb]+[0xfffffff0][0xffffffda][0xfffffffd]x[0x9]J[0xffffffbb][0xb]:[0xffffffb8][0xfffffff0][0xfffffffd][0xffffffd1].[0xffffffda][\r]<R[0xffffffda][0x15]TR[0xffffffda][\r]l[0x12][0xffffffda]][0xffffffe8][0xffffffe9][0xffffff85][0xffffffc8][0xffffffe9]k[0xffffffda][0xffffff9d]n[0xffffffda][0xffffff9d][0xffffffbc]v[0xffffffa7][0xffffff83]v'[0xffffffab][0xffffffdd][0xffffffc9]iwZiw[0xffffffe7][0x11][0xffffffd3]n[0xffffffa4][0x12][0xffffffd3][0xffffffee][0xffffffce]&[0xffffffa2][0xffffffdd]Ikw^[0xffffffd7][0xffffffee]q+f[0xffffffde][0xffffffbd][0xffffffbf][0x11].[0xffffffde][0xffffffb7]w[0xffffffe0][0xffffffcd][0xfffffffb][0xffffffed]-([0xfffffff5][0xffffffbe]=[0xffffff9f]r[0xffffffef][0xffffffc7][0xffffffb3]][0xffffffe4][0x1b][0xffffffa1][0xffffffa4][0xffffffec][0xffffffab][0xffffffd0][0xffffffa4][0xfffffff4][0x1b][0x1]%[0xfffffffc][0xffffffbb]c[0xffffff9a]/[0xffffffe0][0x1d][0xffffffd6][0xffffffd7][0xc]<[0xffffffdc]>8[0xffffffdc][0xffffffdf][0xffffff88]7[0xfffffff0][0xfffffffd][0x1d][0xc][0xc][0xfffffffc][0xfffffff1][0x16][0xffffff98][0xffffff81][0x7][0xfffffff7][0xffffffd1][0xffffffe1][0xffffffe3][0xffffffd9]6[0x6][0xe]Pb[0x6][0x16]hb[0x6][0xe][0xffffff80]"
11:38:47.737 [main] DEBUG org.apache.hc.client5.http.wire -- http-outgoing-1 << ""[0x6][0x1e][0xfffffff4][0xffffff97][0xffffff87][0x1d][0xffffffd6][0xffffffdf]b[0xffffffe0][0xfffffffe][0xfffffffe][0xffffffc7]j[0xfffffffb][0xffffffc2][0x1c]5[0xffffffdf][0xffffffbf][0xffffff9f][0xffffffef]C[0xffffffd9][0xfffffff7][0xffffffcb][0x1b]`[0xffffffee][0xffffffdd][0xffffffde]![0xffffffd9][0xffffffbc]_[0xffffff9e][0xffffff9e][0xffffffec][0xffffffdd]_?[0x19][0xffffffb6][0xffffffee]S[0x14][0xffffff93][0xffffff9d][0xfffffffb][0x3] [0xffffff93][0xffffff8d][0xfffffffb][0x14][0xffffffcb]D[0xffffffdf]>[0xffffff81]3[0xffffffcd][0xffffffb6]O[0x10]}[0xffffffc1][0xffffffb5]j3[0xfffffff9][0xffffffaa][0xffffffbd]P[0xffffffae][0x5]7[0xffffff93][0x7f]y[0x3][0xffffffda][0xffffffb5][0xffffffd0]f[0xfffffff2]/Og\[0xffffffeb][0xffffffb1][0xffffff99][0xfffffffc])[0xffffff8a][0xffffff8c]k[\r]6[0xffffff93]?[0xffffffc5]2[0xffffffdf][0xffffffb5][0xffffffd8]f[0xfffffff2]'[0xffffff88][0xffffffbe][0xffffffe0][0xffffffda]S[0xffffffb9][0xffffffb6][0xffffffb7][0xfffffffc][0xffffffcd][0xffffffe4][0xffffff9f][0xffffffef][0x3][0xffffffbb][0xfffffff6]4p[0xffffffed][0x19][0xffffffa0][0xffffffce][0xffffffc4][0xfffffff9][0xffffffc4]\{:[0xffffffb9]6[0xffffffa2][0xffffffc8][0xffffffb8]V[0x1][0xffffffc9][0xffffffb8]6b[0xffffff99][0xffffffef][0xffffffda][0x1d][0xffffffce]l[0xffffffd7][0xffffffee][0xffffff88][0xffffffbe][0xffffffe0][0xffffffda][0xffffffa6]\[0xffffffbb][0xe][0xffffffcc][0xffffffb5][\r]wm3pm[0xb]Pg[0xffffffe2][0xffffffdc]0[0xffffffd7]6'[0xffffffd7]F[0x14][0x19][0xffffffd7]* [0x19][0xffffffd7]F,[0xfffffff3]][0xffffffbb][0xffffffc3][0xffffff99][0xffffffed][0xffffffda][0x1d][0xffffffd1][0x17]\[0xffffffdb][0xffffffa3]k[0xffffffdb][0xffffffed][0xffffffd6]1[0xffffffd7]v[0xffffffdc][0xffffffb5][0xffffffdd][0xffffffc0][0xffffffb5]=@[0xffffff9d][0xffffff89]s[0xffffffc7]\[0xffffffdb][0xffffff9d]\[0x1b]Qd\[0xffffffab][0xffffff80]d\[0x1b][0xffffffb1][0xffffffcc]w[0xffffffed][0xe]g[0xffffffb6]kwD_p[0xffffffad][0xffffffb8][0x5][0xffffffe2][0xffffffee][0xffffffda][0xffffff85]}[0xffffffaf][0x5]o[0xffffff81][0xfffffff8][0xfffffff2][0x6][0xffffffb4]k[0xffffffa1][ [0xffffffbe]<[0xffffff9d]q[0xffffffad][0xffffffc7]-[0x10]OQd\kp[0xb][0xffffffc4]S,[0xfffffff3]][0xffffff8b][0xffffffdd][0x2][0xfffffff1][0x4][0xffffffd1][0x17]\;[0xffffff95]k[0xffffff8f]#[0xffffffff][0x16][0xffffff88][0xffffffcf][0xfffffff7][0xffffff81]];[\r]\;[0x3][0xffffffd4][0xffffff99]8O[0xffffffcc][0xffffffb5][0xffffffd3][0xffffffc9][0xffffffb5][0x11]E[0xffffffc6][0xffffffb5][\n]"
11:38:47.738 [main] DEBUG org.apache.hc.client5.http.wire -- http-outgoing-1 << "H[0xffffffc6][0xffffffb5][0x11][0xffffffcb]|[0xffffffd7][0xffffffee]pf[0xffffffbb]vG[0xfffffff4][0x5][0xffffffd7][0xffffff8a][0xffffffcd][0xffffffe4]w[0xffffffd7][0x2][0xffffffb7][0xffffff9b]}[0xffffffbe][0xf][0xffffffec]Zt3[0xfffffff9][0xfffffff6][0xe][0xffffff8c]k[0xffffff81][0xffffffcd][0xffffffe4][0xffffffbf]~[0xffffffb2][0xffffff87]k[0xfffffff1][0xffffffcd][0xffffffe4]?[0x0][0xffffff92]q-[0xffffffba][0xffffff99][0xfffffffc][0x9][0xffffff9c][0xffffffd9][0xffffffae][0xffffffbd][0xffffffb2][0xffffff99][0xfffffffc][0xfffffff1][0xffffffa7][0xfffffff3]vS[0xffffffae]-[0x15]r[0xffffffed][0xffffffe3]}P[0xffffffd7][0xffffffbe][0xffffffbf][0x1][0xffffffeb][0xffffffda][0xffffffcf]w \[0xfffffffb][0xfffffffe]t[0xffffffc2][0xffffffb5][0xffffffdf][0xffffff9f][0xffffffec][0xffffffe0]Z[0xffffff85]"[0xffffffe1]Z[\r]$[0xffffffe1]Z[0xffffff85]e[0xffffffb6]k#[0xffffff9c][0xffffffb9][0xffffffae][0xffffff8d][0xffffff88][0xffffffbe][0xffffffe0]Z1[0xffffffcb][0xffffffd0]n[0xffffffb5]B[0xffffffdf][0x10][0x1e][0xffffffef][0x3][0xffffffbb][0xffffff96][0xffffff9f]e[0xfffffff8]|[0x7][0xffffffc6][0xffffffb5][0xffffffd4],[0xffffffc3][0xfffffff7]'{[0xffffffb8][0xffffffd6]c[0xffffff96]A[0x3][0xffffffc9][0xffffffb8][0xffffff96][0xffffff9f]e[0xffffff88]pf[0xffffffbb][0xfffffff6][0xfffffff2],[0xffffffc3][0xffffffbc][0x15][0xffffffe5][0xffffffda][0xffffffb3][0xf][0xffffffca][0xffffffb5][0x5]wm1pm[0x9]Pg[0xffffffe2]\0[0xffffffd7][0x16]'[0xffffffd7]F[0x14][0x19][0xffffffd7]* [0x19][0xffffffd7]F,[0xfffffff3]][0xffffffbb][0xffffffc3][0xffffff99][0xffffffed][0xffffffda][0x1d][0xffffffd1][0x17]\[[0x7f][0x9][j[0xffffffda]m[0x15][0xffffffcc][0xffffffb5][0xfffffff7][0xfffffff7][0xffffff81]][0xfffffffb][0xfffffff6][0x6][0xffffffb4]k[0xffffffbf][0xffffffbd][0x3][0xffffffe3][0xffffffda][0xffffffb7][0xffffffa7]3[0xffffffae][0xfffffffd]x[0xffffffb2][0xffffff87]k#[0xffffff8a][0xffffff8c]k[0x15][0xffffff90][0xffffff8c]k#[0xffffff96][0xfffffff9][0xffffffae][0xffffffdd][0xffffffe1][0xffffffcc]v[0xffffffed][0xffffff8e][0xffffffe8][0xb][0xffffffae][0x15]sc[0xffffffed]8*[0xffffffe6]Zzn[0xffffffec][0xfffffffd][\r]h[0xffffffd7][0xffffff92]sc[0xffffffef]Og\k47[0xffffffa6]Pd\[0xffffffeb]27[0xffffffa6][0xffffffb0][0xffffffcc]w-;7[0x16][0x11]}[0xffffffc1][0xffffffb5]bn[0xffffffac][0x1d]g[0xffffff9b][0xffffff94]k[0xffffffe9][0xffffffb9][0xffffffb1][0xfffffff7]7[0xffffffa0]]K[0xffffffce][0xffffff8d][0xffffffbd]?[0xffffff9d]q[0xffffffad][0xffffffd1][0xffffffdc][0xffffff98]B[0xffffff91]q[0xffffffad][0xffffffcb][0xffffffdc][0xffffff98][0xffffffc2]2[0xffffffdf][0xffffffb5][0xffffffec][0xffffffdc]XD[0xfffffff4][0x5][0xffffffd7]v[0xffffffe5][0xffffffda]qb][0xffffffdb]q[0xffffffd7]v[0x3][0xffffffd7][0xfffffff6][0x0]u&[0xffffffce][0x1d]smwrmD[0xffffff91]q[0xffffffad][0x2][0xffffff92]qm[0xffffffc4]2[0xffffffdf][0xffffffb5];[0xffffff9c][0xffffffd9][0xffffffae][0xffffffdd][0x11]}[0xffffffc1][0xffffffb5]jn[0xffffffac][0x1c][0x3]s-=7[0xfffffff6][0xfffffffe][0x6][0xffffffb4]k[0xffffffc9][0xffffffb9][0xffffffb1][0xfffffff7][0xffffffa7]3[0xffffffae]5[0xffffff9a][0x1b]S(2[0xffffffae]u[0xffffff99][0x1b]SX[0xffffffe6][0xffffffbb][0xffffff96][0xffffff9d][0x1b][0xffffff8b][0xffffff88][0xffffffbe][0xffffffe0]Z57V[0xffffffce][0x1b][0xfffffff6][\r][0xffffff81][0xffffff9e][0x1b]{[0x7f][0x3][0xffffffda][0xffffffb5][0xffffffe4][0xffffffdc][0xffffffd8][0xfffffffb][0xffffffd3][0x19][0xffffffd7][0x1a][0xffffffcd][0xffffff8d])[0x14][0x19][0xffffffd7][0xffffffba][0xffffffcc][0xffffff8d]),[0xfffffff3]][0xffffffcb][0xffffffce][0xffffff8d]ED_rm<[0xffffff87][0xffffffc0][0xffffffba][0xffffff96]>[0xffffff87]0[\r][0xffffffce]![0xffffffcc][0xfffffff0][0xffffff83]o.[0xffffffce][0xffffffd4]9[0xffffff84][0xffffffe9]t[0xe]![0xffffffa2]H[0xffffffb9][0xffffffd6][0xffffffe5][0x1c]B[0xffffffc4][0xffffff92]p-{[0xe]aG[0xfffffff4][0x5][0xffffffd7][0xffffffaa][0x19][0xffffffdd]2[0x6]6[0xffffffcb]@[0xffffffcf][0xffffffe8][0xffffffbe][0xffffffbf][0x1][0xffffffed]ZrF[0xfffffff7][0xfffffffd][0xffffffe9][0xffffff8c]k[0xffffff8d]ft[0x15][0xffffff8a][0xffffff8c]k]ft[0x15][0xffffff96][0xfffffff9][0xffffffae]egt#[0xffffffa2]/[0xffffffb9]Vt-[0xffffffea]Z[0xffffffba]k[0xffffff97]A[0xffffffd7][0xffffffae][0x10][0x10][0xffffffb9]8S][0xffffffbb][0xffffff9c][0xffffffba]6[0xffffffa2]H[0xffffffb9][0xffffffd6][0xffffffa5]k#[0xffffff96][0xffffff84]k[0xffffffd9][0xffffffae][0xffffffdd][0x11][0xfffffffd][0xffffffed][0xffffffae]=[0xffffffd4]>[0xffffff84][0xffffffb2][0xffffff8e][0x3]r[0xffffffed][0xffffff81][0xffffffef]C8[0xc][0xfffffff6]![0x1c]q[0xfffffff0]<[0x11][0xffffffe7][0x3][0xffffffdb][0xffffff87]p[0xffffffec][0xffffffc3][0xffffffe6][0xffffffa4]k[0x5][0xffffff8a][0xffffff88]k%[0xffffff90][0xffffff88]k[0x5][0xffffff96][0xffffffe9][0xffffffae][\r]p&[0xffffffbb]6 [0xfffffffa][0xffffff82]k[0xffffffd5][0xffffff8c]nY[0xffffffb3]P[0xffffffae][0xffffffc5]gt[0xf][0xffffff83][0x19][0xffffffdd]#[0xe]Cf[0xffffffe2][0xffffff8c][0xffffffcd][0xffffffe8][0x1e][0xfffffffb][0x0]$[0xffffffea]Z[0xffffff93][0x19]][0x9]$[0xffffffe3]Z[0xffffff83][0x19][0xffffffdd][0x0]g[0xffffffb6]k[0xffffffaf][0xffffffcf][0xffffffe8][0x1e]j[0xffffff96][0xffffffa1][0xffffffb6][[0xffffffa3]\[0xffffff8b][0xffffffcf]2[0x1c][0x6][0xffffffb3][0xc]G<4[0xffffff9e][0xffffff89]36[0xffffffcb]p[0xffffffec][0x7][0xffffffc5]Q[0xffffffd7][0xffffff9a][0xffffffcc]2H [0x19][0xffffffd7][0x1a][0xffffffcc]2[0x4]8[0xffffffb3]]{}[0xffffff96][0xffffffe1][0xffffffed][0xffffffff][0xffffff8a][0xffffffae][0x1d][0x13][0xfffffffb][0xffffff86][0xffffffd0]q[0xffffffd7]v[0x3][0xffffffd7][0xfffffff6][0x0]u&[0xffffffce][0x1d]smwrmD[0xffffff91]q[0xffffffad][0x2][0xffffff92]qm[0xffffffc4]2[0xffffffdf][0xffffffb5];[0xffffff9c][0xffffffd9][0xffffffae][0xffffffdd][0x11]}[0xffffffc1][0xffffffb5]j[0xffffff96][0xffffffe1]<N[0xffffffec][0x1b][0x2]>[0xffffffcb]p[0x18][0xffffffcc]2[0x1c][0xfffffff1][0xffffffd0]x&[0xffffffce][0xffffffd8],[0xffffffc3][0xffffffb1][0x1f][0x14]G]k2[0xffffffcb] [0xffffff81]d\k0[0xffffffcb][0x10][0xffffffe0][0xffffffcc]v[0xffffffed][0xfffffff5]Y[0xffffff86]C[0xffffffcd]2[0xffffff9c][0xfffffff5][0xffffffc4][0xffffffba][0x16][0xffffff9f]e8[0xc]f[0x19][0xffffff8e]xh<[0x13]gl[0xffffff96][0xffffffe1][0xffffffd8][0xf][0xffffff8a][0xffffffa3][0xffffffae]5[0xffffff99]e[0xffffff90]@2[0xffffffae]5[0xffffff98]e[0x8]pf[0xffffffbb][0xfffffff6][0xfffffffa],CQ[0xffffffdf]k[0xffffffdb]:[0xffffffa1]{t[0x1f][0xffffffef][0xffffffc3][0xffffffba][0xffffffb6][0x18]|[0xffffffaf]-[0xfffffff1][0xffffffc3]X"[0xffffffce][0x5][0xfffffffb]^[[0xfffffff6][0xffffff8f]a[0xffffffa4]k[0x5][0xffffff8a][0xffffff88]k%[0xffffff90][0xffffff88]k[0x5][0xffffff96][0xffffffe9][0xffffffae][\r]p&[0xffffffbb]6 [0xfffffffa][0xffffff82]k[0xffffffd5]7[0xffffff84]~[0xffffffa3][0xffffffee]v|[0xffffffbc][0xf][0xffffffec]Z[0xffffff83]o[0x8]%[0xfffffffe][0xffffff87][0xffffffb5]L[0xffffff9c][0xffffffb1]o[0x8]e[0xffffffff][0xf]h[0xffffffa8]kM[0xffffffbe]!H [0x19][0xffffffd7][0x1a]|C[0x8]pf[0xffffffbb][0xfffffff6][0xfffffffa]7[0xffffff84][0xffffffa2][0xffffffbe]![0xfffffff4][0x3][0xffffffbb]o[0xffffffac][0xffffffe0][0xffffffdf][0x10][0xffffff8a][0xffffffc1]7[0xffffff84][0x12][0xffffffff][0xffffffc3]Z&[0xffffffce][0xffffffd8]7[0xffffff84][0xffffffb2][0xffffffff][0x7]4[0xffffffd4][0xffffffb5]&[0xffffffdf][0x10]$[0xffffff90][0xffffff8c]k[\r][0xffffffbe]![0x4]8[0xffffffb3]][0xfffffffb][0x13][0xffffffdf][0x10][0xffffffd4][0xffffff8c]n?[0xffffffc7]I[0xffffffb9][0x16][0xffffff9f][0xffffffd1]-[0x6]3[0xffffffba]%[0xe]"
11:38:47.739 [main] DEBUG org.apache.hc.client5.http.wire -- http-outgoing-1 << "Cf[0xffffffe2][0xffffff8c][0xffffffcd][0xffffffe8][0xffffff96]}[0x0][0x12]u[0xffffffad][0xffffffc9][0xffffff8c][0xffffffae][0x4][0xffffff92]q[0xffffffad][0xffffffc1][0xffffff8c]n[0xffffff80]3[0xffffffdb][0xffffffb5][0xffffffd7]gt[0xffffffab][0xffffff9a]e[0x18]g[0xffffffa3]\[[0xfffffff1]Y[0xffffff86]j0[0xffffffcb]P[0xffffffe3][0xffffffa1][0xfffffff1]D[0xffffff9c]+6[0xffffffcb]P[0xfffffff7][0xffffff83][0xffffffe2][0xffffffa4]k[0x5][0xffffff8a][0xffffff88]k%[0xffffff90][0xffffff88]k[0x5][0xffffff96][0xffffffe9][0xffffffae][\r]p&[0xffffffbb]6 [0xfffffffa][0xffffff82]k[0xffffffd5]oc[0xfffffff3][0x1c][0xffffffd4]7[0xffffff84][0xffffff8a][0xffffffff]6V[\r]~[0x1b][0xffffffab][0xfffffff1]G[0xffffff88]L[0xffffff9c][0xffffffb1][0xffffffdf][0xffffffc6][0xffffffea][0xfffffffe][0xffffffc3][0x3][0xffffffea]Z[0xffffff93][0xffffffdf][0xffffffc6]$[0xffffff90][0xffffff8c]k[\r]~[0x1b][0xb]pf[0xffffffbb][0xfffffff6][0xfffffffa]ocU}CX[0xffffffb5]R;[0x15]+[0xfffffffe][\r][0xffffffa1][0x1a]|C[0xffffffa8][0xfffffff1]?[0xffffffac]e[0xffffffe2][0xffffff8c]}C[0xffffffa8][0xfffffffb][0x7f]@C]k[0xfffffff2][\r]A[0x2][0xffffffc9][0xffffffb8][0xffffffd6][0xffffffe0][0x1b]B[0xffffff80]3[0xffffffdb][0xffffffb5][0xffffffd7][0xffffffbf]![0xffffff9c]j[0xfffffff7][0xffffffcc][0xffffffaa][0xffffffd8][0xffffffdc][0xffffffd8][0xffffff89][0xffffffef][0xffffff9e]9[\r]v[0xffffffcf][0xffffff9c]q[0xffffffc9]G"[0xffffffce]'[0xffffffb6]{[0xffffffe6][0xffffffdc][0x17]{[0xffffff90][0xffffffae][0x15]("[0xffffffae][0xffffff95]@"[0xffffffae][0x15]X[0xffffffa6][0xffffffbb]6[0xffffffc0][0xffffff99][0xffffffec][0xffffffda][0xffffff80][0xffffffe8][0xb][0xffffffae]=[0xffffff94]k[0xffffffcf][0xffffff83][0xffffffba][0x3][0xffffffe7][0xffffffed]}`[0xffffffd7][0x1e][0x6][0xffffffae]=[0x2][0xffffffd4][0xffffff99]8[0x1f][0xffffff98]k[0xf]'[0xffffffd7]F[0x14][0x19][0xffffffd7]* [0x19][0xffffffd7]F,[0xfffffff3]][0xffffffbb][0xffffffc3][0xffffff99][0xffffffed][0xffffffda][0x1d][0xffffffd1][0x17]\[0xffffffab]~[0x1b][[0xffffffad]R[0xffffffe7]kO[0xfffffffc][0xffffffb7][0xffffffb1][0xffffffd3][0xffffffe0][0xffffffb7][0xffffffb1]3[0xfffffffe][0x8][0xffffff91][0xffffff89]3[0xfffffff6][0xffffffdb][0xffffffd8][0xffffffb9][0xffffffff][0xfffffff0][0xffffff80][0xffffffba][0xffffffd6][0xffffffe4][0xffffffb7]1[0x9]$[0xffffffe3]Z[0xffffff83][0xffffffdf][0xffffffc6][0x2][0xffffff9c][0xffffffd9][0xffffffae][0xffffffbd][0xfffffffe][0xffffffdb][0xffffffd8]Y[0xffffff95]k[0x7][0xffffffb6][0xf][0xffffffe1][0xffffffed]}`[0xffffffd7]V[0x3][0xffffffd7][0xffffffd6][0x0]u&[0xffffffce][0x15]smurmD[0xffffff91]q[0xffffffad][0x2][0xffffff92]qm[0xffffffc4]2[0xffffffdf][0xffffffb5];[0xffffff9c][0xffffffd9][0xffffffae][0xffffffdd][0x11]}[0xffffffc1][0xffffffb5][0xffffffa7]r[0xffffffed]:[0xffffffb1][0xffffffae]=q[0xffffffd7][0xffffff9e][0x6][0xffffffae]=[0x3][0xffffffd4][0xffffff99]8[0xffffff9f][0xffffff98]kO'[0xffffffd7]F[0x14][0x19][0xffffffd7]* [0x19][0xffffffd7]F,[0xfffffff3]][0xffffffbb][0xffffffc3][0xffffff99][0xffffffed][0xffffffda][0x1d][0xffffffd1][0x17]\+[0xffffffce]|[0xfffffff5][-[0xffffffd8]oc[0xfffffff8][0xffffff99][0xffffffaf][0xffffffd3][0xffffffe0][0xffffffcc][0xffffffd7][0x19][0xf][0xffffffd7]d[0xffffffe2][0xffffff8c][0xffffff9d][0xfffffff9]:[0xfffffff7][0x3]5[0xffffffa8]kM[0xffffffce]|I [0x19][0xffffffd7][0x1a][0xffffff9c][0xfffffff9][\n]"
11:38:47.739 [main] DEBUG org.apache.hc.client5.http.wire -- http-outgoing-1 << "pf[0xffffffbb][0xfffffff6][0xfffffffa][0xffffff99][0xffffffaf][0xfffffffb][0xffffff9f][0x16]3[0xffffffd7][0xffffffc2][0xfffffff7][0xffffff8d]=[0xffffffde][0xffffff80]w-x[0xffffffdf][0xffffffd8][0xffffffe3][0xffffffe9][0xffffff94]k}[0xffffffee][0x1b][0x13](R[0xffffffae]5[0xffffffb9]oL`I[0xffffffb8][0x16][0xffffffbd]o, [0xfffffffa][0xffffff92]k[0xffffffab][0xffffff99]k+[0xffffffee][0xffffffda]j[0xffffffe0][0xffffffda][0xffffff8a][0xffffffba][0xffffffb6]b[0xffffffae][0xffffffad]N[0xffffffae][0xffffffdd]Q[0xffffffa4]\[0x1b][0xffffff81][0xffffffa4]\[0xffffffbb]cI[0xffffffb8][0xffffffb6][0xffffffc2][0xffffffae][0xffffffad][0xffffffd7]]{[0xffffff9a][0xffffffb9][0xfffffff6][0xffffffc4]]{[0x1a][0xffffffb8][0xfffffff6]D]{b[0xffffffae]=[0xffffff9d]\[0xffffffbb][0xffffffa3]H[0xffffffb9]6[0x2]I[0xffffffb9]v[0xffffffc7][0xffffff92]p[0xffffffed][0x9][0xffffffbb][0xfffffff6][0xffffffbc][0xffffffee][0xffffffda][0xffffffc3]M[0xffffffb6][0x7]o[0xffffffdb][0xffffffc3]A[0xffffffb7][0x7][0xffffffeb][0xffffffdb][0xffffff83][0x13][0xffffffee]ae[0xffffffdc][0xffffffc0]#[0xffffffa5]\A%[0xffffffe5][0xffffffdc][0xffffffc0]&![0xffffffdd][0xffffff83][0xffffffb6][0xffffffee][0xfffffff1][0x13][0xffffffda][0xffffffad]n[0xffffffdf]n+[0xffffffff][0xfffffff1][0xffffffb6]:|[0xffffffbd][0xffffffad][0xffffffec][0xffffffe7][0xffffffdb][0xffffffca]}[0xffffffbf][0xffffffad]V[0x1f]p[0x3][0xffffff8f][0xffffff94]v[0x5][0xffffff95][0xffffff94]v[0x3][0xffffff9b][0xffffff84]v+[0xfffffffd][0x11][0xffffffb7][0xfffffffe][0xffffffc4]W[0xffffffdc][0xffffffd3]M[0xffffffbb]'[0xffffffaf][0xffffffdd][0xffffffd3]A[0xffffffbb]'[0xffffffab][0xffffffdd][0xffffff93][0xffffffd3][0xffffffee]i[0xffffffa5][0xffffffdd][0xffffffc0]#[0xffffffa5]]A%[0xffffffa5][0xffffffdd][0xffffffc0]&[0xffffffa1][0xffffffdd][0xffffff93][0xffffffd6][0xffffffee][0xfffffff9]3[0xffffffda]]n[0xffffffda]][0xffffffbc]v[0xffffff97][0xffffff83]v[0x17][0xffffffab][0xffffffdd][0xffffffc5]iwYiw[0xffffffe7][0x11][0xffffffd3]n[0xffffffa4][0x12][0xffffffd3][0xffffffee][0xffffffce]&[0xffffffa2][0xffffffdd]Ekw][0xffffffd7]nw[0xffffffab][0xffffffdd][0xffffffce][0xffffffd7]nw[0xffffffa8][0xffffffdd][0xffffffce][0xffffffd6]n[0xffffffe7]j[0xffffffb7][[0xffffffd5]n[0xffffffe0][0xffffff91][0xffffffd2][0xffffffae][0xffffffa0][0xffffff92][0xffffffd2]n`[0xffffff93][0xffffffd0]n[0xffffffa7]k[0xffffffb7][0xffffffff]D[0xffffffed]N7[0xffffffed]N^[0xffffffbb][0xffffffd3]A[0xffffffbb][0xffffff93][0xffffffd5][0xffffffee][0xffffffe4][0xffffffb4];[0xffffffad][0xffffffb4][0x1b]x[0xffffffa4][0xffffffb4]+[0xffffffa8][0xffffffa4][0xffffffb4][0x1b][0xffffffd8]$[0xffffffb4];i[0xffffffed][0xffffffce][0xffffff9f][0xffffffd0][0xffffffee][0xffffffea]f[0xffffffda]][0x1d][0xffffffd7][0xffffffee][0xfffffffd][0x15]x[0xffffffed]~[0xffffffbc][0x4][0xffffffa5][0xffffffdd][0xfffffffb][0xffffffe3])[0xffffffed][0xffffffbe]?[0xffffffda]E[0xffffffbb][0xffffff81]GJ[0xffffffbb][0xffffff82]JJ[0xffffffbb][0xffffff81]MB[0xffffffbb][0x1b][0xffffffa1][0xfffffff9][0xffffffda][0xffffffdd]8[0xfffffffd]-[0xffffffda][0x1d][0xffffffef][0x7f][0xffffffdb][0xffffffd5][0xffffffc0][0xffffffef]*g[0xffffffba]u?[0xffffffdf][0xffffff87][0xffffff92][0xffffffee][0xffffff97]7[0xffffffc0][0xffffff9c][0xffffffbb][0xffffffbd]C[0xffffffb2]r[0xffffffbf]<=[0xffffffd9][0xffffffb8][0xffffffbf]~2,[0xffffffdc][0xffffffa7](&[0xfffffffb][0xfffffff6][0x7]@&[0xffffffeb][0xfffffff6])[0xffffff96][0xffffff89][0xffffffb6]}[0x2]g[0xffffff9a]l[0xffffff9f] [0xfffffffa][0xffffff82]k[0xffffffc5][0x5][0xffffffe8][0xfffffffd]8[0xffffff80][0x5][0xffffff8d][0xffffff9f][0xffffffef][0x3][0xffffffbb][0x16][0xffffffbd][0x0]}{[0x7][0xffffffc6][0xffffffb5][0xffffffc0][0x5][0xffffffe8][0xffffffbf]~[0xffffffb2][0xffffff87]k[0xfffffff1][0xb][0xffffffd0][0x7f][0x0]$[0xffffffe3]Z[0xfffffff4][0x2][0xfffffff4]'pf[0xffffffbb]vG[0xfffffff4][0x5][0xffffffd7]N[0xffffffb1]\[0xffffffe1]8K[0xfffffffe][0xffffff85]:[0xffffff9f][0xffffffef][0x3][0xffffffbb]v[0xffffff92][0xffffffcb][0x15][0xffffffb6]w`\;[0xfffffff3][0xffffff97]+[0xfffffffc][0xfffffffa][0xffffffc9][0x1e][0xffffffae][0xffffff8d](2[0xffffffae]U@2[0xffffffae][0xffffff8d]X[0xffffffe6][0xffffffbb]v[0xffffff87]3[0xffffffdb][0xffffffb5];[0xffffffa2]/[0xffffffb8]v)[0xffffffd7][0xfffffff6][0xffffff91][0x7f][0xffffffc9][0xffffffc3][0xffffffe7][0xfffffffb][0xffffffc0][0xffffffae]][0x6][0xffffffae]][0x1][0xffffffea]L[0xffffff9c][0x17][0xffffffe6][0xffffffda][0xffffffe5][0xffffffe4][0xffffffda][0xffffff88]"[0xffffffe3]Z[0x5]$[0xffffffe3][0xffffffda][0xffffff88]e[0xffffffbe]kw8[0xffffffb3]][0xffffffbb]#[0xfffffffa][0xffffffdb]][0xffffffdb][0xffffffc4][0xffffff85]:[0xffffffbd][0xffffffdc]V[0xfffffffe][0xffffffaf]d[0xffffff9f][0xffffffef][0xffffffc3][0xffffffba][0xffffffb6][0xffffffa1][0x17][0xffffffea]l[0xffffffef][0xffffff80][0xffffffb8][0xffffffb6][0x1][0x17][0xffffffea][0xfffffffc][0xfffffffa][0xffffffc9][0x16][0xffffffae][0x15]("[0xffffffae][0xffffff95]@"[0xffffffae][0x15]X[0xffffffa6][0xffffffbb]6[0xffffffc0][0xffffff99][0xffffffec][0xffffffda][0xffffff80][0xffffffe8][0xb][0xffffffae][0x15][0xffffff97]<[0xfffffff4]rt[0xffffffea]{m[0x3]/y[0xfffffff8][0xfffffff2][0x6][0xffffffb4]k[0xffffffa1]K[0x1e][0xffffffbe]<[0xffffff9d]q[0xffffffad][0xffffffc7]%[0xf]OQd\kp[0xffffffc9][0xffffffc3]S,[0xfffffff3]][0xffffff8b]][0xfffffff2][0xfffffff0][0x4][0xffffffd1][0x17]\+.y[0xffffffe8][0xffffffa5][0xffffffdc]*[0xffffffe5]Z[0xfffffff0][0xffffff92][0xffffff87]/o@[0xffffffbb][0x16][0xffffffba][0xffffffe4][0xffffffe1][0xffffffcb][0xffffffd3][0x19][0xffffffd7]z\[0xfffffff2][0xfffffff0][0x14]E[0xffffffc6][0xffffffb5][0x6][0xffffff97]<<[0xffffffc5]2[0xffffffdf][0xffffffb5][0xffffffd8]%[0xf]O[0x10]}[0xffffffc1][0xffffffb5][0xffffffea][0xffffff92][0xffffff87]RoX[0xffffffd7][0xffffff82][0xffffff97]<|y[0x3][0xffffffda][0xffffffb5][0xffffffd0]%[0xf]_[0xffffff9e][0xffffffce][0xffffffb8][0xffffffd6][0xffffffe3][0xffffff92][0xffffff87][0xffffffa7](2[0xffffffae]5[0xffffffb8][0xffffffe4][0xffffffe1])[0xffffff96][0xfffffff9][0xffffffae][0xffffffc5].yx[0xffffff82][0xffffffe8][0xb][0xffffffae][0x1d][0xffffffca][0xffffffb5][0xffffffb3]7[0xffffffca][0xffffffb5][0x3]w[0xffffffed]0p[0xffffffed][0x8]Pg[0xffffffe2]<0[0xffffffd7][0xe]'[0xffffffd7]F[0x14][0x19][0xffffffd7]* [0x19][0xffffffd7]F,[0xfffffff3]][0xffffffbb][0xffffffc3][0xffffff99][0xffffffed][0xffffffda][0x1d][0xffffffd1][0xffffff97]\[0x1b][0xffffffcf]![0xffffffb0][0xffffffae][0xffffff85][0xffffffcf]!<[0xffffffde][0xffffff80]w-x[0xe][0xffffffe1][0xfffffff1]t[0xffffffca][0xffffffb5]>[0xffffffe7][0x10][0x4][0xffffff8a][0xffffff94]kM[0xffffffce]![0x8],[0x9][0xffffffd7][0xffffffa2][0xffffffe7][0x10][0x2][0xffffffa2]/[0xffffffb8]v[0xffffff8a][0xffffffae][0xffffffad]e`[0xffffffdf]k'[0xffff
[...]
11:38:47.759 [main] DEBUG org.apache.hc.client5.http.wire -- http-outgoing-1 << "^H[0x9][0xffffffb5][0xffffffa2]j[0xc]lq[0xfffffff6][0xffffffc4]WTM[0xffffff83][0x15]US[0xffffffec]QI[0x4][0x1c][Q5[0xffffffc3][0xffffffa6][0x14]2%LVTI [0xffffff99][0xffffff94]0XQ[0x15][0xffffffe0][0xffffffcc]N[0x9][0xffffffe3][0x15]UJ[0xffffff9e]lJ[0xfffffff8][0xffffffad][0xffffffa8]Rj[0xffffffe5]R[0xffffffc2]eEU[0x14][0xffffffef][0xffffff85][0xffffff94]P+[0xffffffaa][0xffffffc6][0xffffffba]a)[0xffffff81][0xffffffaf][0xffffffa8][0xffffff9a][0x6]+[0xffffffaa][0xffffffa6][0xffffffd8][0xffffffa3][0xffffff92][0x8]8[0xffffffb6][0xffffffa2]j[0xffffff86]M)dJ[0xffffff98][0xffffffac][0xffffffa8][0xffffff92]@2)a[0xffffffb0][0xffffffa2]*[0xffffffc0][0xffffff99][0xffffff9d][0x12][0xffffffc6]+[0xffffffaa][0xffffff94]<[0xffffffd9][0xffffff94][0xfffffff0][Q[0xffffffa5][0xffffffd4][0xffffffca][0xffffffa5][0xffffff84][0xffffffcb][0xffffff8a][0xffffffaa]([0xffffffde][0xffffffd7]Sb[0xffffffa9][0x15]U[0xffffffb3][0x1e]'[0xffffff94][0x12][0xb]_Q[0xffffffb5][0xc]VT-[0xffffffb1]G%[0xf][0xfffffff0][0xffffff85][0xffffffad][0xffffffa8]ZaS[\n]"
11:38:47.759 [main] DEBUG org.apache.hc.client5.http.wire -- http-outgoing-1 << "[0xffffff98][0x12][0x2]E$%$[0xffffff90]HJ[0x8],[0xffffffd3]S"[0xffffffc0][0xffffff99][0xffffff9c][0x12][0x1]Q[0xffffffa3][0xffffff94]P[0xfffffff2]DSB[0xffffffbb][0x14]M[0x9][0xffffffa5]V,%[0xffffffa2]i[0xffffffa1][0xffffff94][0xffffff88][0xffffffe2][0xffffffbd][0xffffff90][0x12]jE[0xffffffd5]<[0xb]uVb[0xffffffe1]+[0xffffffaa][0xffffff96][0xffffffc1][0xffffff8a][0xffffffaa]%[0xfffffff6][0xffffffa8]$[0x2][0xffffff8e][0xffffffad][0xffffffa8]ZaS[\n]"
11:38:47.759 [main] DEBUG org.apache.hc.client5.http.wire -- http-outgoing-1 << "[0xffffff99][0x12]&+[0xffffffaa]$[0xffffff90]LJ[0x18][0xffffffac][0xffffffa8][\n]"
11:38:47.759 [main] DEBUG org.apache.hc.client5.http.wire -- http-outgoing-1 << "pf[0xffffffa7][0xffffff84][0xfffffff1][0xffffff8a]*%O6%[0xfffffffc]VT)[0xffffffb5]r)[0xffffffe1][0xffffffb2][0xffffffa2]*[0xffffff8a][0xfffffff7]BJ[0x14][0xffffff95][0x12][0xfffffff3][0xffffffa4]~[0xffffffe0]x{[0x1f]8%[0xffffff8a]AJ[0xffffff94][0xffffffc8]{"[0xffffffe0][0x5]K[0xffffff89][0xffffffe2][0xffffff94][0x12][0x11]E&%[0x14][0xffffff90]LJD,[0xfffffff3]Sb[0xffffff87]3;%vD[0xffffff9d]RB[0xffffffc8][0xffffff93]M[0x9][0xffffffe9]R6%[0xffffff84]Z[0xffffffb9][0xffffff94][0x8][0xffffffa6][0xffffffa5]R"[0xffffff88][0xfffffff7]BJT[0xffffff99][0x12][0x13]K[0xffffff89][0xffffff8a][0xffffffa7]D5H[0xffffff89][0x1a]yO[0x4][0xffffffbc]b)Q[0xffffff9d]R"[0xffffffa2][0xffffffc8][0xffffffa4][0xffffff84][0x2][0xffffff92]I[0xffffff89][0xffffff88]e~J[0xffffffec]pf[0xffffffa7][0xffffffc4][0xffffff8e][0xffffffa8]SJ[0x8]y[0xffffffb2])!][0xffffffca][0xffffffa6][0xffffff84]P+[0xffffff97][0x12][0xffffffc1][0xffffffb4]TJ[0x4][0xfffffff1]^H[0x9][0xffffffb5][0xffffffed]r[0xffffffae]R[0xffffffa8][0xffffff94][0xffffffc0][0xffffffb7]].[0xffffff83]m[0xffffff97]K[0xffffffac]dK[0x4][0x1c][0xffffffdb]v[0xffffffb9][0xffffffc2][0xffffffd2]52%L[0xffffffb6]]J [0xffffff99][0xffffff94]0[0xffffffd8]v[0x19][0xffffffe0][0xffffffcc]N[0x9][0xffffffe3]m[0xffffff97]J[0xffffff9e]lJ[0xfffffff8]m[0xffffffbb]Tj[0xffffffe5]R[0xffffffc2]e[0xffffffdb]e[0x14][0xffffffef][0xffffff85][0xffffff94]P[0xffffffdb].[0xffffffe7]j[0x7][0xffffff95][0x12][0xfffffff8][0xffffffb6][0xffffffcb]e[0xffffffb0][0xffffffed]r[0xffffff89][0xffffff95]l[0xffffff89][0xffffff80]c[0xffffffdb].WX[0xffffffba]F[0xffffffa6][0xffffff84][0xffffffc9][0xffffffb6]K[0x9]$[0xffffff93][0x12][0x6][0xffffffdb].[0x3][0xffffff9c][0xffffffd9])a[0xffffffbc][0xffffffed]R[0xffffffc9][0xffffff93]M[0x9][0xffffffbf]m[0xffffff97]J[0xffffffad]\J[0xffffffb8]l[0xffffffbb][0xffffff8c][0xffffffe2][0xffffffbd][0xffffff90][0x12]j[0xffffffdb][0xffffffe5][0xffffffba][0xffffffdd][0x6][0xffffff95][0x12][0xfffffff8][0xffffffb6][0xffffffcb]e[0xffffffb0][0xffffffed]r[0xffffff89][0xffffff95]l[0xffffff89][0xffffff80]c[0xffffffdb].WX[0xffffffba]F[0xffffffa6][0xffffff84][0xffffffc9][0xffffffb6]K[0x9]$[0xffffff93][0x12][0x6][0xffffffdb].[0x3][0xffffff9c][0xffffffd9])a[0xffffffbc][0xffffffed]R[0xffffffc9][0xffffff93]M[0x9][0xffffffbf]m[0xffffff97]J[0xffffffad]\J[0xffffffb8]l[0xffffffbb][0xffffff8c][0xffffffe2][0xffffffbd][0xffffff90][0x12]j[0xffffffdb][0xffffffe5]:[0x1a]u[0x7][0xffffffc7][0xffffffc2][0xffffffb7]].[0xffffff83]m[0xffffff97]K[0xffffffac]dK[0x4][0x1c][0xffffffdb]v[0xffffffb9][0xffffffc2][0xffffffd2]52%L[0xffffffb6]]J [0xffffff99][0xffffff94]0[0xffffffd8]v[0x19][0xffffffe0][0xffffffcc]N[0x9][0xffffffe3]m[0xffffff97]J[0xffffff9e]lJ[0xfffffff8]m[0xffffffbb]Tj[0xffffffe5]R[0xffffffc2]e[0xffffffdb]e[0x14][0xffffffef][0xffffffa5][0xffffff94](f)Q[0xfffffff0][0xffffff94]([0x6])Q[0xffffffd0][0xffffff94](XJ[0x14][0xffffffa7][0xffffff94][0xffffffd8]Q[0xffffffa4]R"[0x2]I[0xffffffa5][0xffffffc4][0xffffff8e]%[0xffffff91][0x12][0x5]N[0xffffff89]b[0xffffff9c][0x12]A[0xffffff9e]tJ[0x8][0xffffff97][0xffffffd2])[0x11][0xffffffd4]J[0xffffffa6]DqI[0xffffff89][0xfffffff2][0xffffffd3])[0xffffffa1][0x16]g[0xffffffaf]^[0xffffffb1][0xffffffbd][0x12][0xfffffff8][0xffffffe2][0xffffffec]e[0xffffffb0]8{[0xffffff89][0xffffffed][0xffffffae][0xffffff89][0xffffff80]c[0xffffff8b][0xffffffb3]W[0xffffffd8][0xffffffdf]J[0xffffffa6][0xffffff84][0xffffffc9][0xffffffe2]l[0x9]$[0xffffff93][0x12][0x6][0xffffff8b][0xffffffb3][0x3][0xffffff9c][0xffffffd9])a[0xffffffbc]8[[0xffffffc9][0xffffff93]M[0x9][0xffffffbf][0xffffffc5][0xffffffd9]J[0xffffffad]\J[0xffffffb8],[0xffffffce][0xffffff8e][0xffffffe2][0xffffffbd][0xffffff90][0x12]jq[0xfffffff6][0xffffff9a][0x7]vV[0x2]_[0xffffff9c][0xffffffbd][0xc][0x16]g/[0xffffffb1][0xffffffdd]5[0x11]plq[0xfffffff6][\n]"
11:38:47.759 [main] DEBUG org.apache.hc.client5.http.wire -- http-outgoing-1 << "[0xfffffffb][[0xffffffc9][0xffffff94]0Y[0xffffff9c]-[0xffffff81]dR[0xffffffc2]`qv[0xffffff80]3;%[0xffffff8c][0x17]g+y[0xffffffb2])[0xffffffe1][0xffffffb7]8[[0xffffffa9][0xffffff95]K[0x9][0xffffff97][0xffffffc5][0xffffffd9]Q[0xffffffbc]/[0xffffffa7]D[0xffffffbd][0xffffffdd][0xffffffe2][0xf][0x1c][0xfffffffd]v[0xffffffa3][0xffffffb6]]]]><![CDATA[>[0xffffffde][0x7]M[0xffffff89][0xfffffff7]7`S[0xffffffe2][0xfffffff3][0x1d][0xffffff88][0xffffff94]x[0x7f]:[0xffffff91][0x12][0xffffffdf][0xffffff9f][0xffffffec][0xffffff90][0x12][\n]"
11:38:47.759 [main] DEBUG org.apache.hc.client5.http.wire -- http-outgoing-1 << "E"%4[0xffffff90]DJ(,[0xffffffb3]S"[0xffffffc2][0xffffff99][0xffffff9b][0x12][0x11]Q[0xffffff9f][0xffffff94][0xffffff90][0xfffffff2]$S[0xffffffe2][0xffffff89]K[0xffffffc9][0xffffff94][0xffffff90]j[0xffffffa5]RB[0xffffff98][0xffffff96]I[0x9]![0xffffffde]K)Q[0xffffffcd]R[0xffffffa2][0xffffffe2])Q[\r]R[0xffffffa2][0xffffffa2])Q[0xffffffb1][0xffffff94][0xffffffa8]N)[0xffffffb1][0xffffffa3]H[0xffffffa5]D[0x4][0xffffff92]J[0xffffff89][0x1d]K"%*[0xffffff9c][0x12][0xffffffd5]8%[0xffffff82]<[0xffffffe9][0xffffff94][0x10].[0xffffffa5]S"[0xffffffa8][0xffffff95]L[0xffffff89][0xffffffea][0xffffff92][0x12][0xfffffff5][0xffffffa7]SB[0xffffffdc][0xffffffc1][0xffffffd1]o'u[0xffffff9d][0xffffffd7][0xffffffe3]}[0xffffffe0][0xffffff94][0xffffffe0][0xffffffef][0xffffffe0][0xfffffff8]|[0x7]&%[0xffffffa8];8[0xffffffbe]?[0xffffffd9]#%<[0xffffffee][0xffffffe0][0xffffffd0]@2)[0xffffffc1][0xffffffdf][0xffffffc1][0x11][0xffffffe1][0xffffffcc]N[0x9][0xffffffdf];8[0xffffffa4]<[0xffffffd9][0xffffff94][0xffffffb0][0xffffffbb][0xffffff83]C[0xffffffaa][0xffffff95]K[0x9][0xffffff93];8[0xffffff84]x/[0xffffffa5][0xffffff84][0xfffffff8][0xffffff81][0x3]M[0x9][0xfffffffa][0x7][0xffffff8e][0xffffffc3][0xffffffe0][0x7][0xffffff8e]#~[0xffffff85]K[0x5][0xffffff9c][0xfffffffa][0xffffff81][0xffffffe3]p[0xfffffffa][0xffffff81]#[0xffffffa2]H[0xffffffa5][0xffffff84][0xffffffcb][0xf][0x1c][0x11]K"%[0xffffffd8][0x1f]8vD[0xffffffbd]R[0xffffffc2][0xffffffec][0x7][0xe][0xffffffe9]R:%[0xffffff8c]~[0xffffffe0][0x8][0xffffffa6][0xffffffe5]R[0xffffffe2][0xffffffe7][0x7f][0xffffffe0][0x10]+[0xffffffaa][0xfffffffa][0xffffffb1][0x16]t[0x7][0xffffffc7][0xffffffe3]}[0xffffffe0][0xffffff94][0xffffffe0]WT}[0xffffffbe][0x3][0xffffff93][0x12][0xffffffd4][0xffffff8a][0xffffffaa][0xffffffef]O[0xfffffff6]H[0x9][0xffffff8f][0x15]U[0x1a]H&%[0xfffffff8][0x15]U[0x11][0xffffffce][0xffffffec][0xffffff94][0xfffffff0]]Q%[0xffffffe5][0xffffffc9][0xffffffa6][0xffffff84][0xffffffdd][0xffffff8a]*[0xffffffa9]V.%LVT[0x9][0xfffffff1]^J[0xffffff89][0xfffffff8]U[0xffffff82]M[0x9][0xfffffffa][0xffffffab]D7[0xfffffff8]*[0xffffffd1]c:[0xffffffa7][0x2]N}[0xffffff95][0xffffffe8]N_%"[0xffffff8a]TJ[0xffffffb8]|[0xffffff95][0xffffff88]X[0x12])[0xffffffc1]~[0xffffff95][0xffffffd8][0x11][0xfffffff5]J[0x9][0xffffffb3][0xffffffaf][0x12][0xffffffd2][0xffffffa5]tJ[0x18]}[0xffffff95][0x8][0xffffffa6][0xffffffe5]R[0xffffffe2][0xffffffe7][0xffffffbf]J[0xffffff88]m[0xffffff97][0xffffffbd][0xffffffdc][0xffffffe6]I[0xffffffa5][0x4][0xffffffbd][0xffffffed][0xfffffff2][0xfffffffd][\r][0xffffffe8][0xffffff94] [0xffffffb7]][0xffffffbe]?[0xffffff9d]I[0x9][0xffffffa3]m[0xffffff97][\n]"
11:38:47.759 [main] DEBUG org.apache.hc.client5.http.wire -- http-outgoing-1 << "E&%\[0xffffffb6]]*,[0xfffffff3]S[0xffffff82][0xffffffdd]v[0x19][0x11]uJ[0x9][0xffffffb3]m[0xffffff97]O\[0xffffffca][0xffffffa6][0xffffff84][0xffffffd1][0xffffffb6]KaZ*%~~[0xffffffdb]e[0xffffffbd][0xffffff89][0x15]U[0xffffffbd][0xffffffdc][0xffffffff][0xf][0xffffff95][0x12][0xfffffff4][0xffffff8a][0xffffffaa][0xfffffff7]7[0xffffffa0]S[0xffffff82]\Q[0xfffffff5][0xfffffffe]t&%[0xffffff8c]VT)[0x14][0xffffff99][0xffffff94]pYQ[0xffffffa5][0xffffffb0][0xffffffcc]O[0x9]vEUD[0xffffffd4])%[0xffffffcc]VT=q)[0xffffff9b][0x12]F+[0xffffffaa][0xffffff84]i[0xffffffa9][0xffffff94][0xfffffff8][0xfffffff9][0x15]U"
11:38:47.760 [main] DEBUG org.apache.hc.client5.http.wire -- http-outgoing-1 << "[0xfffffff5]&VT[0xffffffdd]S[0xffffffa2]C7[0xffffff83]>[0xffffffde][0x7]N[0x9]~E[0xffffffd5][0xffffffe7];0)A[0xffffffad][0xffffffa8][0xfffffffa][0xfffffffe]d[0xffffff8f][0xffffff94][0xfffffff0]XQ[0xffffffa5][0xffffff81]dR[0xffffff82]_Q[0x15][0xffffffe1][0xffffffcc]N[0x9][0xffffffdf][0x15]UR[0xffffff9e]lJ[0xffffffd8][0xffffffad][0xffffffa8][0xffffff92]j[0xffffffe5]R[0xffffffc2]dE[0xffffff95][0x10][0xffffffef][0xffffffeb])q[0xffffffdc]dJ[0xffffffac][0x5][0xffffffa5][0xffffffc4][0xffffffdb][0xfffffffb][0xffffffb0])[0xfffffff1]x[0x3]8%[0xffffffbe][0xffffffbf][0x3][0xffffff92][0x12][0xffffff8f][0xffffffa7]#)[0xfffffff1][0xffffffed][0xffffffc9][0x16])!PDRB[0x2][0xffffff89][0xffffffa4][0xffffff84][0xffffffc0]2=%[0x2][0xffffff9c][0xffffffc9])[0x11][0x10]5J[0x9]%O4%[0xffffffb4]K[0xffffffd1][0xffffff94]Pj[0xffffffc5]R"[0xffffff9a][0x16]J[0xffffff89]([0xffffffde][0xb])[0xffffffa1][0xfffffff6]J[0xffffff94]:[0xffffffa8][0xffffffaf][0x12][0x7][0xffffffbe]W[0xffffffe2]0[0xffffffd8]+q[0xffffff88][0xffffffe1][0xffffffe7]D[0xffffffc0][0xffffffb1][0xffffffbd][0x12]G[0x18]o&S[0xffffffc2]d[0xffffffaf][0xffffff84][0x4][0xffffff92]I[0x9][0xffffff83][0xffffffbd][0x12][0x1][0xffffffce][0xffffffec][0xffffff94]0[0xffffffde]+[0xffffffa1][0xffffffe4][0xffffffc9][0xffffffa6][0xffffff84][0xffffffdf]^[0x9][0xffffffa5]V.%\[0xfffffff6]JD[0xfffffff1]^H[0xffffff89][0xffffffa2]R[0xffffffa2][0xffffffdd][0xffffffa8][0xffffffb3][0x12]o[0xffffffef][0x3][0xffffffa7]D1H[0xffffff89][0x12]yO[0x4][0xffffffbc]`)Q[0xffffff9c]R"[0xffffffa2][0xffffffc8][0xffffffa4][0xffffff84][0x2][0xffffff92]I[0xffffff89][0xffffff88]e~J[0xffffffec]pf[0xffffffa7][0xffffffc4][0xffffff8e][0xffffffa8]SJ[0x8]y[0xffffffb2])!][0xffffffca][0xffffffa6][0xffffff84]P+[0xffffff97][0x12][0xffffffc1][0xffffffb4]TJ[0x4][0xfffffff1]^J[0xffffff89]8[0xc][0xffffffca][0xffffffa6][0x4]<[0xc][0xfffffffa]x[0x3]>%[0xffffffc0]a[0xffffffd0][0xffffffc7][0xffffffd3][0xffffffa9][0xffffff94][0xfffffff0][0x19][0x6][0x15](R)a2[0xc]*[0xffffffb0]$R[0x2][0x1d][0x6][\r][0xffffff88]z[0xffffffa5][0xffffff84][0xffffffd7]0[0xffffffa8]v)[0xffffff9d][0x12]>[0xffffffc3][0xffffffa0][0xffffffd1][0xffffffb4]\J[0xfffffffc][0xfffffff4]0[0xffffffe8][0xfffffffd][0xffffffdf]8[0xffffffcd]R[0xffffffe2][0xffffffc4]S[0xffffffe2]4H[0xffffff89][0x13]M[0xffffff89][0x13]K[0xffffff89][0xffffffd3])%v[0x14][0xffffffa9][0xffffff94][0xffffff88]@R)[0xffffffb1]cI[0xffffffa4][0xffffffc4][0x9][0xffffffa7][0xffffffc4]i[0xffffff9c][0x12]A[0xffffff9e]tJ[0x8][0xffffff97][0xffffffd2])[0x11][0xffffffd4]J[0xffffffa6][0xffffffc4][0xffffffe9][0xffffff92][0x12][0xffffffe7][0xffffffdf]!%[0xe][0xffffffb7]_8[0xe][0xfffffffe]'[0xffffff8e][0xfffffffb]+[0xfffffff0]5[0xfffffff1][0xfffffff1][0x12]TN[0x1c][0xffffffdc][0xffffffaf][0x1c][0xffffff87][0xffffffd5][0xffffffcf][0x1c][0xffffff81]G[0xffffffaa]([0x4][0xffffff95]TR[0x4]6[0xffffff89][0xffffffa6]8[0xffffffe8][0xffffff9f]:[0xe][0xffffffe7][0xffffffdf]:[0xffffffa2]F[0xffffffe9][0xffffffac]PV[0xffffffa5][0xffffffbb]"J[0xffffff96][0xc][0xffffff8b][0xffffffdd][0xffffffb9]\Y[0xffffffec][\n]"
11:38:47.760 [main] DEBUG org.apache.hc.client5.http.wire -- http-outgoing-1 << "[0xfffffffe]aZ[0xfffffffc][0xffffffd7][0xffffffff][0xfffffff5][0xffffffbf][0xfffffffd][0x7f][0x4][0x14][0xffffffd4][\r][0xffffffd8][0xffffff95][\r][0x0]"
11:38:47.864 [main] DEBUG org.apache.hc.client5.http.impl.classic.InternalHttpClient -- ep-0000000002 releasing valid endpoint
11:38:47.864 [main] DEBUG org.apache.hc.client5.http.impl.io.PoolingHttpClientConnectionManager -- ep-0000000002 releasing endpoint
11:38:47.864 [main] DEBUG org.apache.hc.client5.http.impl.io.PoolingHttpClientConnectionManager -- ep-0000000002 connection http-outgoing-1 can be kept alive for 3 MINUTES
11:38:47.864 [main] DEBUG org.apache.hc.client5.http.impl.io.PoolingHttpClientConnectionManager -- ep-0000000002 connection released [route: {s}->https://googlechromelabs.github.io:443][total available: 2; route allocated: 1 of 5; total allocated: 2 of 25]
11:38:47.865 [main] INFO io.github.bonigarcia.wdm.WebDriverManager -- Using chromedriver 121.0.6167.184 (resolved driver for Chrome 121)
11:38:47.867 [main] DEBUG io.github.bonigarcia.wdm.cache.ResolutionCache -- Storing resolution chrome=121 in cache (valid until 12:38:47 26/02/2024 ART)
11:38:47.875 [main] DEBUG io.github.bonigarcia.wdm.cache.ResolutionCache -- Storing resolution chrome121=121.0.6167.184 in cache (valid until 11:38:47 27/02/2024 ART)
11:38:47.932 [main] DEBUG io.github.bonigarcia.wdm.WebDriverManager -- Driver chromedriver 121.0.6167.184 found in cache
11:38:47.932 [main] INFO io.github.bonigarcia.wdm.WebDriverManager -- Exporting webdriver.chrome.driver as C:\Users\maximiliano.nabarro\.cache\selenium\chromedriver\win64\121.0.6167.184\chromedriver.exe
Driver initialized successfully for: chrome
¡Inicio de sesión exitoso!
Estamos en la página principal (message-home).
]]></system-out>
    <system-err><![CDATA[feb 26, 2024 11:38:50 A. M. org.openqa.selenium.devtools.CdpVersionFinder findNearestMatch
WARNING: Unable to find an exact match for CDP version 121, returning the closest version; found: 120; Please update to a Selenium version that supports CDP version 121
]]></system-err>
  </testcase>
  <testcase name="ingresa en nuevo envío individual" classname="Carga de nuevo envío individual" time="4.078">
    <system-out><![CDATA[  Given el usuario consumidor final está logueado y en la page home # stepsDefinitions.NuevoEnvioIndividualSteps.login()
¡Ingresamos a la sección de envíos exitosamente!
]]></system-out>
  </testcase>
  <testcase name="llena los campos de origen destino y paquete" classname="Carga de nuevo envío individual" time="20.769">
    <system-out><![CDATA[  When ingresa en nuevo envío individual                            # stepsDefinitions.NuevoEnvioIndividualSteps.newPackageSingle()
Formulario de datos del Destino completo!
Formulario de datos del Paquete completo!
]]></system-out>
  </testcase>
  <testcase name="presiona en agregar envío" classname="Carga de nuevo envío individual" time="2.104">
    <system-out><![CDATA[  And llena los campos de origen destino y paquete                  # stepsDefinitions.NuevoEnvioIndividualSteps.fillHomePackageForms()
]]></system-out>
  </testcase>
  <testcase name="el envío se muestra en la grilla de envíos pendientes" classname="Carga de nuevo envío individual" time="0.29">
    <system-out><![CDATA[  And presiona en agregar envío                                     # stepsDefinitions.NuevoEnvioIndividualSteps.addNewPackage()
El campo 'Integración' está correctamente llenado: MiCorreo
El campo 'Origen' está correctamente llenado: CAPITAL FEDERAL
El campo 'Destino' está correctamente llenado: CORDOBA - Raul Mesa
El campo 'Admisión' está correctamente llenado: Sucursal
El campo 'Entrega' está correctamente llenado: Domicilio
El campo 'Peso' está correctamente llenado: 10,000
El campo 'Largo' está correctamente llenado: 25
El campo 'Ancho' está correctamente llenado: 25
El campo 'Altura' está correctamente llenado: 30
El campo 'Estado' está correctamente llenado: OK
El campo 'Comentario' está correctamente llenado: VALIDADO
¡Los campos se llenaron correctamente!
]]></system-out>
  </testcase>
  <testcase name="presiona en cotizar" classname="Carga de nuevo envío individual" time="4.127">
    <system-out><![CDATA[  And el envío se muestra en la grilla de envíos pendientes         # stepsDefinitions.NuevoEnvioIndividualSteps.newPackageAddCheck()
]]></system-out>
  </testcase>
  <testcase name="se muestra la grilla de checkout" classname="Carga de nuevo envío individual" time="0.192">
    <system-out><![CDATA[  And presiona en cotizar                                           # stepsDefinitions.NuevoEnvioIndividualSteps.presiona_en_cotizar()
El campo 'Integración' está correctamente llenado: MiCorreo
El campo 'Origen' está correctamente llenado: CAPITAL FEDERAL
El campo 'Destino' está correctamente llenado: CORDOBA - Raul Mesa
El campo 'Peso Declarado' está correctamente llenado: 10,000
El campo 'Peso Volumetrico' está correctamente llenado: 3,125
El campo 'Largo' está correctamente llenado: 25,000
El campo 'Ancho' está correctamente llenado: 25,000
El campo 'Altura' está correctamente llenado: 30,000
El campo 'Precio Unitario' está correctamente llenado: $4662,71
¡Checkout correcto!
]]></system-out>
  </testcase>
  <testcase name="realiza el pago del envío" classname="Carga de nuevo envío individual" time="15.705">
    <system-out><![CDATA[  And se muestra la grilla de checkout                              # stepsDefinitions.NuevoEnvioIndividualSteps.se_muestra_la_grilla_de_checkout()
Estamos en la seccion de datos de la tarjeta
Todos los campos del formulario de tarjetas están presentes y son editables.
]]></system-out>
  </testcase>
  <testcase name="se confirma que el pago se ha realizado con éxito" classname="Carga de nuevo envío individual" time="3.188">
    <system-out><![CDATA[  Then realiza el pago del envío                                    # stepsDefinitions.NuevoEnvioIndividualSteps.realiza_el_pago_del_envío()
¡El pago del envio se realizó exitosamente!
El código TN del envío es: 00005512320383PIX31C301
]]></system-out>
  </testcase>
</testsuite>